[debug] [2021-05-03T13:39:50.831Z] ----------------------------------------------------------------------
[debug] [2021-05-03T13:39:50.833Z] Command:       C:\Program Files\nodejs\node.exe C:\Users\Madara\AppData\Roaming\npm\node_modules\firebase-tools\lib\bin\firebase.js serve
[debug] [2021-05-03T13:39:50.833Z] CLI Version:   7.15.1
[debug] [2021-05-03T13:39:50.833Z] Platform:      win32
[debug] [2021-05-03T13:39:50.833Z] Node Version:  v12.14.0
[debug] [2021-05-03T13:39:50.834Z] Time:          Mon May 03 2021 08:39:50 GMT-0500 (Central Daylight Time)
[debug] [2021-05-03T13:39:50.834Z] ----------------------------------------------------------------------
[debug] [2021-05-03T13:39:50.834Z] 
[debug] [2021-05-03T13:39:50.842Z] > command requires scopes: ["email","openid","https://www.googleapis.com/auth/cloudplatformprojects.readonly","https://www.googleapis.com/auth/firebase","https://www.googleapis.com/auth/cloud-platform"]
[debug] [2021-05-03T13:39:50.842Z] > authorizing via signed-in user
[debug] [2021-05-03T13:39:50.842Z] [iam] checking project portfolio-7ed56 for permissions ["firebase.projects.get"]
[debug] [2021-05-03T13:39:50.844Z] >>> HTTP REQUEST POST https://cloudresourcemanager.googleapis.com/v1/projects/portfolio-7ed56:testIamPermissions  

[debug] [2021-05-03T13:39:50.988Z] <<< HTTP RESPONSE 200
[debug] [2021-05-03T13:39:50.992Z] >>> HTTP REQUEST GET https://firebase.googleapis.com/v1beta1/projects/portfolio-7ed56  
 
[debug] [2021-05-03T13:39:51.226Z] <<< HTTP RESPONSE 200
[info] 
[info] === Serving from 'C:\Users\Madara\Desktop\projects\portfolio'...
[info] 
[debug] [2021-05-03T13:39:51.235Z] >>> HTTP REQUEST GET https://firebase.googleapis.com/v1beta1/projects/portfolio-7ed56/webApps/-/config  
 
[debug] [2021-05-03T13:39:51.501Z] <<< HTTP RESPONSE 200
[info] i  hosting[portfolio-7ed56]: Serving hosting files from: build
[info] +  hosting[portfolio-7ed56]: Local server: http://localhost:5000
[warn] !  Your requested "node" version "10" doesn't match your global version "12"
[info] +  functions: functions emulator started at http://localhost:5001
[info] i  functions: Watching "C:\Users\Madara\Desktop\projects\portfolio\functions" for Cloud Functions...
[debug] [2021-05-03T13:39:53.307Z] [worker-pool] addWorker(~diagnostic~)
[debug] [2021-05-03T13:39:53.308Z] [worker-pool] Adding worker with key ~diagnostic~, total=1
[debug] [2021-05-03T13:39:53.308Z] [worker-pool] submitWork(triggerId=)
[debug] [2021-05-03T13:39:53.308Z] [worker-~diagnostic~-415e16c3-b2ef-4a18-92bc-8fb89c1272c0]: Assigning socketPath: \\?\pipe\C:\Users\Madara\Desktop\projects\portfolio\functions\15972
[debug] [2021-05-03T13:39:53.308Z] [worker-~diagnostic~-415e16c3-b2ef-4a18-92bc-8fb89c1272c0]: BUSY
[debug] [2021-05-03T13:39:53.652Z] [runtime-status] [15972] Functions runtime initialized. {"cwd":"C:\\Users\\Madara\\Desktop\\projects\\portfolio\\functions","node_version":"12.14.0"}
[debug] [2021-05-03T13:39:53.652Z] [runtime-status] [15972] Disabled runtime features: {"functions_config_helper":true,"network_filtering":true,"timeout":true,"memory_limiting":true,"admin_stubs":true,"pubsub_emulator":true}
[debug] [2021-05-03T13:39:53.655Z] [runtime-status] [15972] Resolved module firebase-admin {"declared":true,"installed":true,"version":"8.13.0","resolution":"C:\\Users\\Madara\\Desktop\\projects\\portfolio\\functions\\node_modules\\firebase-admin\\lib\\index.js"}
[debug] [2021-05-03T13:39:53.656Z] [runtime-status] [15972] Resolved module firebase-functions {"declared":true,"installed":true,"version":"3.13.2","resolution":"C:\\Users\\Madara\\Desktop\\projects\\portfolio\\functions\\node_modules\\firebase-functions\\lib\\index.js"}
[debug] [2021-05-03T13:39:53.657Z] [runtime-status] [15972] Resolved module firebase-functions {"declared":true,"installed":true,"version":"3.13.2","resolution":"C:\\Users\\Madara\\Desktop\\projects\\portfolio\\functions\\node_modules\\firebase-functions\\lib\\index.js"}
[info] +  functions[authApi]: http function initialized (http://localhost:5001/portfolio-7ed56/us-central1/authApi).
[info] +  functions[introApi]: http function initialized (http://localhost:5001/portfolio-7ed56/us-central1/introApi).
[info] +  functions[groupApi]: http function initialized (http://localhost:5001/portfolio-7ed56/us-central1/groupApi).
[info] +  functions[infoCardApi]: http function initialized (http://localhost:5001/portfolio-7ed56/us-central1/infoCardApi).
[info] +  functions[pdfApi]: http function initialized (http://localhost:5001/portfolio-7ed56/us-central1/pdfApi).
[info] +  functions[projectApi]: http function initialized (http://localhost:5001/portfolio-7ed56/us-central1/projectApi).
[debug] [2021-05-03T13:39:54.440Z] [worker-~diagnostic~-415e16c3-b2ef-4a18-92bc-8fb89c1272c0]: IDLE
[debug] [2021-05-03T13:40:01.274Z] [work-queue] {"queueLength":1,"workRunningCount":0}
[debug] [2021-05-03T13:40:01.274Z] [work-queue] {"queueLength":0,"workRunningCount":1}
[debug] [2021-05-03T13:40:01.274Z] Accepted request OPTIONS /portfolio-7ed56/us-central1/authApi/sessionDetails --> authApi
[debug] [2021-05-03T13:40:01.279Z] [worker-pool] addWorker(authApi)
[debug] [2021-05-03T13:40:01.280Z] [worker-pool] Adding worker with key authApi, total=1
[debug] [2021-05-03T13:40:01.280Z] [worker-pool] submitWork(triggerId=authApi)
[debug] [2021-05-03T13:40:01.280Z] [worker-authApi-0be2c042-a5fb-4cf8-91d9-88dc52e0a603]: Assigning socketPath: \\?\pipe\C:\Users\Madara\Desktop\projects\portfolio\functions\13412
[debug] [2021-05-03T13:40:01.280Z] [worker-authApi-0be2c042-a5fb-4cf8-91d9-88dc52e0a603]: BUSY
[debug] [2021-05-03T13:40:01.638Z] [runtime-status] [13412] Functions runtime initialized. {"cwd":"C:\\Users\\Madara\\Desktop\\projects\\portfolio\\functions","node_version":"12.14.0"}
[debug] [2021-05-03T13:40:01.639Z] [runtime-status] [13412] Disabled runtime features: {"functions_config_helper":true,"network_filtering":true,"timeout":true,"memory_limiting":true,"admin_stubs":true,"pubsub_emulator":true}
[debug] [2021-05-03T13:40:01.642Z] [runtime-status] [13412] Resolved module firebase-admin {"declared":true,"installed":true,"version":"8.13.0","resolution":"C:\\Users\\Madara\\Desktop\\projects\\portfolio\\functions\\node_modules\\firebase-admin\\lib\\index.js"}
[debug] [2021-05-03T13:40:01.644Z] [runtime-status] [13412] Resolved module firebase-functions {"declared":true,"installed":true,"version":"3.13.2","resolution":"C:\\Users\\Madara\\Desktop\\projects\\portfolio\\functions\\node_modules\\firebase-functions\\lib\\index.js"}
[debug] [2021-05-03T13:40:01.645Z] [runtime-status] [13412] Resolved module firebase-functions {"declared":true,"installed":true,"version":"3.13.2","resolution":"C:\\Users\\Madara\\Desktop\\projects\\portfolio\\functions\\node_modules\\firebase-functions\\lib\\index.js"}
[debug] [2021-05-03T13:40:02.434Z] [runtime-status] [13412] Trigger "authApi" has been found, beginning invocation!
[info] i  functions: Beginning execution of "authApi"
[debug] [2021-05-03T13:40:02.436Z] [runtime-status] [13412] triggerDefinition {"httpsTrigger":{},"name":"authApi","entryPoint":"authApi"}
[debug] [2021-05-03T13:40:02.436Z] [runtime-status] [13412] Running authApi in mode HTTPS
[debug] [2021-05-03T13:40:02.438Z] [runtime-status] [13412] Attempting to listen to socketPath: \\?\pipe\C:\Users\Madara\Desktop\projects\portfolio\functions\13412
[debug] [2021-05-03T13:40:02.442Z] [functions] Runtime ready! Sending request!
[debug] [2021-05-03T13:40:02.447Z] [runtime-status] [13412] Ephemeral server handling OPTIONS request
[debug] [2021-05-03T13:40:02.452Z] [runtime-status] [13412] Ephemeral server survived.
[info] i  functions: Finished "authApi" in ~1s
[debug] [2021-05-03T13:40:02.454Z] [worker-authApi-0be2c042-a5fb-4cf8-91d9-88dc52e0a603]: IDLE
[debug] [2021-05-03T13:40:02.454Z] [work-queue] {"queueLength":0,"workRunningCount":0}
[debug] [2021-05-03T13:40:02.454Z] [work-queue] {"queueLength":1,"workRunningCount":0}
[debug] [2021-05-03T13:40:02.454Z] [work-queue] {"queueLength":0,"workRunningCount":1}
[debug] [2021-05-03T13:40:02.454Z] Accepted request GET /portfolio-7ed56/us-central1/authApi/sessionDetails --> authApi
[debug] [2021-05-03T13:40:02.455Z] [worker-pool] submitWork(triggerId=authApi)
[debug] [2021-05-03T13:40:02.455Z] [worker-authApi-0be2c042-a5fb-4cf8-91d9-88dc52e0a603]: Assigning socketPath: \\?\pipe\C:\Users\Madara\Desktop\projects\portfolio\functions\13412
[debug] [2021-05-03T13:40:02.455Z] [worker-authApi-0be2c042-a5fb-4cf8-91d9-88dc52e0a603]: BUSY
[debug] [2021-05-03T13:40:02.477Z] [runtime-status] [13412] Trigger "authApi" has been found, beginning invocation!
[info] i  functions: Beginning execution of "authApi"
[debug] [2021-05-03T13:40:02.479Z] [runtime-status] [13412] triggerDefinition {"httpsTrigger":{},"name":"authApi","entryPoint":"authApi"}
[debug] [2021-05-03T13:40:02.479Z] [runtime-status] [13412] Running authApi in mode HTTPS
[debug] [2021-05-03T13:40:02.479Z] [runtime-status] [13412] Attempting to listen to socketPath: \\?\pipe\C:\Users\Madara\Desktop\projects\portfolio\functions\13412
[debug] [2021-05-03T13:40:02.480Z] [functions] Runtime ready! Sending request!
[debug] [2021-05-03T13:40:02.482Z] [runtime-status] [13412] Ephemeral server handling GET request
[info] >  Check if request is authorized with Firebase ID token
[info] >  Found "Authorization" header
[debug] [2021-05-03T13:40:02.500Z] [runtime-status] [13412] Ephemeral server survived.
[info] >  ID Token correctly decoded kNEjkZXvzmSLdpa96IqcY9wRftx2
[info] i  functions: Finished "authApi" in ~1s
[debug] [2021-05-03T13:40:02.595Z] [worker-authApi-0be2c042-a5fb-4cf8-91d9-88dc52e0a603]: IDLE
[debug] [2021-05-03T13:40:02.595Z] [work-queue] {"queueLength":0,"workRunningCount":0}
[debug] [2021-05-03T13:40:50.641Z] [work-queue] {"queueLength":1,"workRunningCount":0}
[debug] [2021-05-03T13:40:50.641Z] [work-queue] {"queueLength":0,"workRunningCount":1}
[debug] [2021-05-03T13:40:50.642Z] Accepted request OPTIONS /portfolio-7ed56/us-central1/authApi/sessionDetails --> authApi
[debug] [2021-05-03T13:40:50.642Z] [worker-pool] submitWork(triggerId=authApi)
[debug] [2021-05-03T13:40:50.642Z] [worker-authApi-0be2c042-a5fb-4cf8-91d9-88dc52e0a603]: Assigning socketPath: \\?\pipe\C:\Users\Madara\Desktop\projects\portfolio\functions\13412
[debug] [2021-05-03T13:40:50.642Z] [worker-authApi-0be2c042-a5fb-4cf8-91d9-88dc52e0a603]: BUSY
[debug] [2021-05-03T13:40:50.642Z] [runtime-status] [13412] Trigger "authApi" has been found, beginning invocation!
[info] i  functions: Beginning execution of "authApi"
[debug] [2021-05-03T13:40:50.644Z] [runtime-status] [13412] triggerDefinition {"httpsTrigger":{},"name":"authApi","entryPoint":"authApi"}
[debug] [2021-05-03T13:40:50.644Z] [runtime-status] [13412] Running authApi in mode HTTPS
[debug] [2021-05-03T13:40:50.644Z] [runtime-status] [13412] Attempting to listen to socketPath: \\?\pipe\C:\Users\Madara\Desktop\projects\portfolio\functions\13412
[debug] [2021-05-03T13:40:50.645Z] [functions] Runtime ready! Sending request!
[debug] [2021-05-03T13:40:50.650Z] [runtime-status] [13412] Ephemeral server handling OPTIONS request
[debug] [2021-05-03T13:40:50.651Z] [runtime-status] [13412] Ephemeral server survived.
[info] i  functions: Finished "authApi" in ~1s
[debug] [2021-05-03T13:40:50.651Z] [worker-authApi-0be2c042-a5fb-4cf8-91d9-88dc52e0a603]: IDLE
[debug] [2021-05-03T13:40:50.651Z] [work-queue] {"queueLength":0,"workRunningCount":0}
[debug] [2021-05-03T13:40:50.654Z] [work-queue] {"queueLength":1,"workRunningCount":0}
[debug] [2021-05-03T13:40:50.654Z] [work-queue] {"queueLength":0,"workRunningCount":1}
[debug] [2021-05-03T13:40:50.654Z] Accepted request GET /portfolio-7ed56/us-central1/authApi/sessionDetails --> authApi
[debug] [2021-05-03T13:40:50.654Z] [worker-pool] submitWork(triggerId=authApi)
[debug] [2021-05-03T13:40:50.654Z] [worker-authApi-0be2c042-a5fb-4cf8-91d9-88dc52e0a603]: Assigning socketPath: \\?\pipe\C:\Users\Madara\Desktop\projects\portfolio\functions\13412
[debug] [2021-05-03T13:40:50.654Z] [worker-authApi-0be2c042-a5fb-4cf8-91d9-88dc52e0a603]: BUSY
[debug] [2021-05-03T13:40:50.674Z] [runtime-status] [13412] Trigger "authApi" has been found, beginning invocation!
[info] i  functions: Beginning execution of "authApi"
[debug] [2021-05-03T13:40:50.677Z] [runtime-status] [13412] triggerDefinition {"httpsTrigger":{},"name":"authApi","entryPoint":"authApi"}
[debug] [2021-05-03T13:40:50.677Z] [runtime-status] [13412] Running authApi in mode HTTPS
[debug] [2021-05-03T13:40:50.677Z] [runtime-status] [13412] Attempting to listen to socketPath: \\?\pipe\C:\Users\Madara\Desktop\projects\portfolio\functions\13412
[debug] [2021-05-03T13:40:50.678Z] [functions] Runtime ready! Sending request!
[debug] [2021-05-03T13:40:50.681Z] [runtime-status] [13412] Ephemeral server handling GET request
[info] >  Check if request is authorized with Firebase ID token
[info] >  Found "Authorization" header
[debug] [2021-05-03T13:40:50.682Z] [runtime-status] [13412] Ephemeral server survived.
[info] >  ID Token correctly decoded kNEjkZXvzmSLdpa96IqcY9wRftx2
[info] i  functions: Finished "authApi" in ~1s
[debug] [2021-05-03T13:40:50.685Z] [worker-authApi-0be2c042-a5fb-4cf8-91d9-88dc52e0a603]: IDLE
[debug] [2021-05-03T13:40:50.685Z] [work-queue] {"queueLength":0,"workRunningCount":0}
[debug] [2021-05-03T13:41:31.518Z] File C:\Users\Madara\Desktop\projects\portfolio\functions\controllers\auth.js changed, reloading triggers
[debug] [2021-05-03T13:41:32.531Z] [worker-pool] Shutting down IDLE worker (~diagnostic~)
[debug] [2021-05-03T13:41:32.532Z] [worker-~diagnostic~-415e16c3-b2ef-4a18-92bc-8fb89c1272c0]: FINISHING
[debug] [2021-05-03T13:41:32.532Z] [worker-pool] Shutting down IDLE worker (authApi)
[debug] [2021-05-03T13:41:32.532Z] [worker-authApi-0be2c042-a5fb-4cf8-91d9-88dc52e0a603]: FINISHING
[debug] [2021-05-03T13:41:32.539Z] [worker-pool] addWorker(~diagnostic~)
[debug] [2021-05-03T13:41:32.539Z] [worker-pool] Adding worker with key ~diagnostic~, total=2
[debug] [2021-05-03T13:41:32.540Z] [worker-pool] submitWork(triggerId=)
[debug] [2021-05-03T13:41:32.540Z] [worker-~diagnostic~-03d5d5b6-c25e-41e3-8deb-04dcf63cf28a]: Assigning socketPath: \\?\pipe\C:\Users\Madara\Desktop\projects\portfolio\functions\11156
[debug] [2021-05-03T13:41:32.540Z] [worker-~diagnostic~-03d5d5b6-c25e-41e3-8deb-04dcf63cf28a]: BUSY
[debug] [2021-05-03T13:41:32.543Z] [worker-~diagnostic~-415e16c3-b2ef-4a18-92bc-8fb89c1272c0]: exited
[debug] [2021-05-03T13:41:32.543Z] [worker-~diagnostic~-415e16c3-b2ef-4a18-92bc-8fb89c1272c0]: FINISHED
[debug] [2021-05-03T13:41:32.544Z] [worker-authApi-0be2c042-a5fb-4cf8-91d9-88dc52e0a603]: exited
[debug] [2021-05-03T13:41:32.544Z] [worker-authApi-0be2c042-a5fb-4cf8-91d9-88dc52e0a603]: FINISHED
[debug] [2021-05-03T13:41:32.864Z] [runtime-status] [11156] Functions runtime initialized. {"cwd":"C:\\Users\\Madara\\Desktop\\projects\\portfolio\\functions","node_version":"12.14.0"}
[debug] [2021-05-03T13:41:32.866Z] [runtime-status] [11156] Disabled runtime features: {"functions_config_helper":true,"network_filtering":true,"timeout":true,"memory_limiting":true,"admin_stubs":true,"pubsub_emulator":true}
[debug] [2021-05-03T13:41:32.868Z] [runtime-status] [11156] Resolved module firebase-admin {"declared":true,"installed":true,"version":"8.13.0","resolution":"C:\\Users\\Madara\\Desktop\\projects\\portfolio\\functions\\node_modules\\firebase-admin\\lib\\index.js"}
[debug] [2021-05-03T13:41:32.870Z] [runtime-status] [11156] Resolved module firebase-functions {"declared":true,"installed":true,"version":"3.13.2","resolution":"C:\\Users\\Madara\\Desktop\\projects\\portfolio\\functions\\node_modules\\firebase-functions\\lib\\index.js"}
[debug] [2021-05-03T13:41:32.871Z] [runtime-status] [11156] Resolved module firebase-functions {"declared":true,"installed":true,"version":"3.13.2","resolution":"C:\\Users\\Madara\\Desktop\\projects\\portfolio\\functions\\node_modules\\firebase-functions\\lib\\index.js"}
[warn] !  C:\Users\Madara\Desktop\projects\portfolio\functions\controllers\auth.js:63
  res.status(200).send(JSON.stringify("userId": userId));
                                      ^^^^^^^^

SyntaxError: missing ) after argument list
    at Module._compile (internal/modules/cjs/loader.js:895:18)
    at Object.Module._extensions..js (internal/modules/cjs/loader.js:995:10)
    at Module.load (internal/modules/cjs/loader.js:815:32)
    at Function.Module._load (internal/modules/cjs/loader.js:727:14)
    at Module.require (internal/modules/cjs/loader.js:852:19)
    at require (internal/modules/cjs/helpers.js:74:18)
    at Object.<anonymous> (C:\Users\Madara\Desktop\projects\portfolio\functions\index.js:2:6)
    at Module._compile (internal/modules/cjs/loader.js:959:30)
    at Object.Module._extensions..js (internal/modules/cjs/loader.js:995:10)
    at Module.load (internal/modules/cjs/loader.js:815:32)
[warn] !  We were unable to load your functions code. (see above)
[debug] [2021-05-03T13:41:32.936Z] [worker-~diagnostic~-03d5d5b6-c25e-41e3-8deb-04dcf63cf28a]: exited
[debug] [2021-05-03T13:41:32.936Z] [worker-~diagnostic~-03d5d5b6-c25e-41e3-8deb-04dcf63cf28a]: FINISHED
[debug] [2021-05-03T13:41:39.422Z] File C:\Users\Madara\Desktop\projects\portfolio\functions\controllers\auth.js changed, reloading triggers
[debug] [2021-05-03T13:41:40.427Z] [worker-pool] Cleaned up workers for ~diagnostic~: 2 --> 0
[debug] [2021-05-03T13:41:40.427Z] [worker-pool] Cleaned up workers for authApi: 1 --> 0
[debug] [2021-05-03T13:41:40.434Z] [worker-pool] addWorker(~diagnostic~)
[debug] [2021-05-03T13:41:40.434Z] [worker-pool] Adding worker with key ~diagnostic~, total=1
[debug] [2021-05-03T13:41:40.435Z] [worker-pool] submitWork(triggerId=)
[debug] [2021-05-03T13:41:40.435Z] [worker-~diagnostic~-38631e9a-2710-4f24-9402-28c76ff2671a]: Assigning socketPath: \\?\pipe\C:\Users\Madara\Desktop\projects\portfolio\functions\18416
[debug] [2021-05-03T13:41:40.435Z] [worker-~diagnostic~-38631e9a-2710-4f24-9402-28c76ff2671a]: BUSY
[debug] [2021-05-03T13:41:40.771Z] [runtime-status] [18416] Functions runtime initialized. {"cwd":"C:\\Users\\Madara\\Desktop\\projects\\portfolio\\functions","node_version":"12.14.0"}
[debug] [2021-05-03T13:41:40.772Z] [runtime-status] [18416] Disabled runtime features: {"functions_config_helper":true,"network_filtering":true,"timeout":true,"memory_limiting":true,"admin_stubs":true,"pubsub_emulator":true}
[debug] [2021-05-03T13:41:40.775Z] [runtime-status] [18416] Resolved module firebase-admin {"declared":true,"installed":true,"version":"8.13.0","resolution":"C:\\Users\\Madara\\Desktop\\projects\\portfolio\\functions\\node_modules\\firebase-admin\\lib\\index.js"}
[debug] [2021-05-03T13:41:40.776Z] [runtime-status] [18416] Resolved module firebase-functions {"declared":true,"installed":true,"version":"3.13.2","resolution":"C:\\Users\\Madara\\Desktop\\projects\\portfolio\\functions\\node_modules\\firebase-functions\\lib\\index.js"}
[debug] [2021-05-03T13:41:40.777Z] [runtime-status] [18416] Resolved module firebase-functions {"declared":true,"installed":true,"version":"3.13.2","resolution":"C:\\Users\\Madara\\Desktop\\projects\\portfolio\\functions\\node_modules\\firebase-functions\\lib\\index.js"}
[debug] [2021-05-03T13:41:41.586Z] [worker-~diagnostic~-38631e9a-2710-4f24-9402-28c76ff2671a]: IDLE
[debug] [2021-05-03T13:41:43.101Z] [work-queue] {"queueLength":1,"workRunningCount":0}
[debug] [2021-05-03T13:41:43.101Z] [work-queue] {"queueLength":0,"workRunningCount":1}
[debug] [2021-05-03T13:41:43.101Z] Accepted request OPTIONS /portfolio-7ed56/us-central1/authApi/sessionDetails --> authApi
[debug] [2021-05-03T13:41:43.105Z] [worker-pool] addWorker(authApi)
[debug] [2021-05-03T13:41:43.105Z] [worker-pool] Adding worker with key authApi, total=1
[debug] [2021-05-03T13:41:43.105Z] [worker-pool] submitWork(triggerId=authApi)
[debug] [2021-05-03T13:41:43.105Z] [worker-authApi-fcc29f8a-957b-4310-9a47-1b393509acfd]: Assigning socketPath: \\?\pipe\C:\Users\Madara\Desktop\projects\portfolio\functions\13376
[debug] [2021-05-03T13:41:43.105Z] [worker-authApi-fcc29f8a-957b-4310-9a47-1b393509acfd]: BUSY
[debug] [2021-05-03T13:41:43.487Z] [runtime-status] [13376] Functions runtime initialized. {"cwd":"C:\\Users\\Madara\\Desktop\\projects\\portfolio\\functions","node_version":"12.14.0"}
[debug] [2021-05-03T13:41:43.489Z] [runtime-status] [13376] Disabled runtime features: {"functions_config_helper":true,"network_filtering":true,"timeout":true,"memory_limiting":true,"admin_stubs":true,"pubsub_emulator":true}
[debug] [2021-05-03T13:41:43.492Z] [runtime-status] [13376] Resolved module firebase-admin {"declared":true,"installed":true,"version":"8.13.0","resolution":"C:\\Users\\Madara\\Desktop\\projects\\portfolio\\functions\\node_modules\\firebase-admin\\lib\\index.js"}
[debug] [2021-05-03T13:41:43.493Z] [runtime-status] [13376] Resolved module firebase-functions {"declared":true,"installed":true,"version":"3.13.2","resolution":"C:\\Users\\Madara\\Desktop\\projects\\portfolio\\functions\\node_modules\\firebase-functions\\lib\\index.js"}
[debug] [2021-05-03T13:41:43.494Z] [runtime-status] [13376] Resolved module firebase-functions {"declared":true,"installed":true,"version":"3.13.2","resolution":"C:\\Users\\Madara\\Desktop\\projects\\portfolio\\functions\\node_modules\\firebase-functions\\lib\\index.js"}
[debug] [2021-05-03T13:41:44.274Z] [runtime-status] [13376] Trigger "authApi" has been found, beginning invocation!
[info] i  functions: Beginning execution of "authApi"
[debug] [2021-05-03T13:41:44.275Z] [runtime-status] [13376] triggerDefinition {"httpsTrigger":{},"name":"authApi","entryPoint":"authApi"}
[debug] [2021-05-03T13:41:44.276Z] [runtime-status] [13376] Running authApi in mode HTTPS
[debug] [2021-05-03T13:41:44.278Z] [runtime-status] [13376] Attempting to listen to socketPath: \\?\pipe\C:\Users\Madara\Desktop\projects\portfolio\functions\13376
[debug] [2021-05-03T13:41:44.281Z] [functions] Runtime ready! Sending request!
[debug] [2021-05-03T13:41:44.287Z] [runtime-status] [13376] Ephemeral server handling OPTIONS request
[debug] [2021-05-03T13:41:44.290Z] [runtime-status] [13376] Ephemeral server survived.
[info] i  functions: Finished "authApi" in ~1s
[debug] [2021-05-03T13:41:44.293Z] [work-queue] {"queueLength":1,"workRunningCount":1}
[debug] [2021-05-03T13:41:44.293Z] [work-queue] {"queueLength":0,"workRunningCount":2}
[debug] [2021-05-03T13:41:44.293Z] Accepted request GET /portfolio-7ed56/us-central1/authApi/sessionDetails --> authApi
[debug] [2021-05-03T13:41:44.298Z] [worker-pool] addWorker(authApi)
[debug] [2021-05-03T13:41:44.298Z] [worker-pool] Adding worker with key authApi, total=2
[debug] [2021-05-03T13:41:44.298Z] [worker-pool] submitWork(triggerId=authApi)
[debug] [2021-05-03T13:41:44.298Z] [worker-authApi-b13afa86-080f-4871-87a5-d0421a47b880]: Assigning socketPath: \\?\pipe\C:\Users\Madara\Desktop\projects\portfolio\functions\16380
[debug] [2021-05-03T13:41:44.298Z] [worker-authApi-b13afa86-080f-4871-87a5-d0421a47b880]: BUSY
[debug] [2021-05-03T13:41:44.298Z] [worker-authApi-fcc29f8a-957b-4310-9a47-1b393509acfd]: IDLE
[debug] [2021-05-03T13:41:44.298Z] [work-queue] {"queueLength":0,"workRunningCount":1}
[debug] [2021-05-03T13:41:44.641Z] [runtime-status] [16380] Functions runtime initialized. {"cwd":"C:\\Users\\Madara\\Desktop\\projects\\portfolio\\functions","node_version":"12.14.0"}
[debug] [2021-05-03T13:41:44.643Z] [runtime-status] [16380] Disabled runtime features: {"functions_config_helper":true,"network_filtering":true,"timeout":true,"memory_limiting":true,"admin_stubs":true,"pubsub_emulator":true}
[debug] [2021-05-03T13:41:44.646Z] [runtime-status] [16380] Resolved module firebase-admin {"declared":true,"installed":true,"version":"8.13.0","resolution":"C:\\Users\\Madara\\Desktop\\projects\\portfolio\\functions\\node_modules\\firebase-admin\\lib\\index.js"}
[debug] [2021-05-03T13:41:44.648Z] [runtime-status] [16380] Resolved module firebase-functions {"declared":true,"installed":true,"version":"3.13.2","resolution":"C:\\Users\\Madara\\Desktop\\projects\\portfolio\\functions\\node_modules\\firebase-functions\\lib\\index.js"}
[debug] [2021-05-03T13:41:44.648Z] [runtime-status] [16380] Resolved module firebase-functions {"declared":true,"installed":true,"version":"3.13.2","resolution":"C:\\Users\\Madara\\Desktop\\projects\\portfolio\\functions\\node_modules\\firebase-functions\\lib\\index.js"}
[debug] [2021-05-03T13:41:45.444Z] [runtime-status] [16380] Trigger "authApi" has been found, beginning invocation!
[info] i  functions: Beginning execution of "authApi"
[debug] [2021-05-03T13:41:45.446Z] [runtime-status] [16380] triggerDefinition {"httpsTrigger":{},"name":"authApi","entryPoint":"authApi"}
[debug] [2021-05-03T13:41:45.446Z] [runtime-status] [16380] Running authApi in mode HTTPS
[debug] [2021-05-03T13:41:45.448Z] [runtime-status] [16380] Attempting to listen to socketPath: \\?\pipe\C:\Users\Madara\Desktop\projects\portfolio\functions\16380
[debug] [2021-05-03T13:41:45.450Z] [functions] Runtime ready! Sending request!
[debug] [2021-05-03T13:41:45.456Z] [runtime-status] [16380] Ephemeral server handling GET request
[info] >  Check if request is authorized with Firebase ID token
[info] >  Found "Authorization" header
[debug] [2021-05-03T13:41:45.475Z] [runtime-status] [16380] Ephemeral server survived.
[info] >  ID Token correctly decoded kNEjkZXvzmSLdpa96IqcY9wRftx2
[info] i  functions: Finished "authApi" in ~1s
[debug] [2021-05-03T13:41:45.614Z] [worker-authApi-b13afa86-080f-4871-87a5-d0421a47b880]: IDLE
[debug] [2021-05-03T13:41:45.614Z] [work-queue] {"queueLength":0,"workRunningCount":0}
[debug] [2021-05-03T13:42:07.356Z] File C:\Users\Madara\Desktop\projects\portfolio\functions\controllers\auth.js changed, reloading triggers
[debug] [2021-05-03T13:42:08.363Z] [worker-pool] Shutting down IDLE worker (~diagnostic~)
[debug] [2021-05-03T13:42:08.363Z] [worker-~diagnostic~-38631e9a-2710-4f24-9402-28c76ff2671a]: FINISHING
[debug] [2021-05-03T13:42:08.363Z] [worker-pool] Shutting down IDLE worker (authApi)
[debug] [2021-05-03T13:42:08.363Z] [worker-authApi-fcc29f8a-957b-4310-9a47-1b393509acfd]: FINISHING
[debug] [2021-05-03T13:42:08.363Z] [worker-pool] Shutting down IDLE worker (authApi)
[debug] [2021-05-03T13:42:08.363Z] [worker-authApi-b13afa86-080f-4871-87a5-d0421a47b880]: FINISHING
[debug] [2021-05-03T13:42:08.369Z] [worker-pool] addWorker(~diagnostic~)
[debug] [2021-05-03T13:42:08.369Z] [worker-pool] Adding worker with key ~diagnostic~, total=2
[debug] [2021-05-03T13:42:08.369Z] [worker-pool] submitWork(triggerId=)
[debug] [2021-05-03T13:42:08.369Z] [worker-~diagnostic~-3173ac8e-a389-4685-912d-6fd917dd75fc]: Assigning socketPath: \\?\pipe\C:\Users\Madara\Desktop\projects\portfolio\functions\13664
[debug] [2021-05-03T13:42:08.369Z] [worker-~diagnostic~-3173ac8e-a389-4685-912d-6fd917dd75fc]: BUSY
[debug] [2021-05-03T13:42:08.371Z] [worker-authApi-b13afa86-080f-4871-87a5-d0421a47b880]: exited
[debug] [2021-05-03T13:42:08.372Z] [worker-authApi-b13afa86-080f-4871-87a5-d0421a47b880]: FINISHED
[debug] [2021-05-03T13:42:08.372Z] [worker-authApi-fcc29f8a-957b-4310-9a47-1b393509acfd]: exited
[debug] [2021-05-03T13:42:08.372Z] [worker-authApi-fcc29f8a-957b-4310-9a47-1b393509acfd]: FINISHED
[debug] [2021-05-03T13:42:08.372Z] [worker-~diagnostic~-38631e9a-2710-4f24-9402-28c76ff2671a]: exited
[debug] [2021-05-03T13:42:08.372Z] [worker-~diagnostic~-38631e9a-2710-4f24-9402-28c76ff2671a]: FINISHED
[debug] [2021-05-03T13:42:08.709Z] [runtime-status] [13664] Functions runtime initialized. {"cwd":"C:\\Users\\Madara\\Desktop\\projects\\portfolio\\functions","node_version":"12.14.0"}
[debug] [2021-05-03T13:42:08.710Z] [runtime-status] [13664] Disabled runtime features: {"functions_config_helper":true,"network_filtering":true,"timeout":true,"memory_limiting":true,"admin_stubs":true,"pubsub_emulator":true}
[debug] [2021-05-03T13:42:08.713Z] [runtime-status] [13664] Resolved module firebase-admin {"declared":true,"installed":true,"version":"8.13.0","resolution":"C:\\Users\\Madara\\Desktop\\projects\\portfolio\\functions\\node_modules\\firebase-admin\\lib\\index.js"}
[debug] [2021-05-03T13:42:08.715Z] [runtime-status] [13664] Resolved module firebase-functions {"declared":true,"installed":true,"version":"3.13.2","resolution":"C:\\Users\\Madara\\Desktop\\projects\\portfolio\\functions\\node_modules\\firebase-functions\\lib\\index.js"}
[debug] [2021-05-03T13:42:08.715Z] [runtime-status] [13664] Resolved module firebase-functions {"declared":true,"installed":true,"version":"3.13.2","resolution":"C:\\Users\\Madara\\Desktop\\projects\\portfolio\\functions\\node_modules\\firebase-functions\\lib\\index.js"}
[warn] !  C:\Users\Madara\Desktop\projects\portfolio\functions\controllers\auth.js:63
  res.status(200).send(JSON.stringify("userId": userId));
                                      ^^^^^^^^

SyntaxError: missing ) after argument list
    at Module._compile (internal/modules/cjs/loader.js:895:18)
    at Object.Module._extensions..js (internal/modules/cjs/loader.js:995:10)
    at Module.load (internal/modules/cjs/loader.js:815:32)
    at Function.Module._load (internal/modules/cjs/loader.js:727:14)
    at Module.require (internal/modules/cjs/loader.js:852:19)
    at require (internal/modules/cjs/helpers.js:74:18)
    at Object.<anonymous> (C:\Users\Madara\Desktop\projects\portfolio\functions\index.js:2:6)
    at Module._compile (internal/modules/cjs/loader.js:959:30)
    at Object.Module._extensions..js (internal/modules/cjs/loader.js:995:10)
    at Module.load (internal/modules/cjs/loader.js:815:32)
[warn] !  We were unable to load your functions code. (see above)
[debug] [2021-05-03T13:42:08.771Z] [worker-~diagnostic~-3173ac8e-a389-4685-912d-6fd917dd75fc]: exited
[debug] [2021-05-03T13:42:08.771Z] [worker-~diagnostic~-3173ac8e-a389-4685-912d-6fd917dd75fc]: FINISHED
[debug] [2021-05-03T13:42:40.250Z] File C:\Users\Madara\Desktop\projects\portfolio\functions\controllers\auth.js changed, reloading triggers
[debug] [2021-05-03T13:42:41.262Z] [worker-pool] Cleaned up workers for ~diagnostic~: 2 --> 0
[debug] [2021-05-03T13:42:41.262Z] [worker-pool] Cleaned up workers for authApi: 2 --> 0
[debug] [2021-05-03T13:42:41.266Z] [worker-pool] addWorker(~diagnostic~)
[debug] [2021-05-03T13:42:41.266Z] [worker-pool] Adding worker with key ~diagnostic~, total=1
[debug] [2021-05-03T13:42:41.266Z] [worker-pool] submitWork(triggerId=)
[debug] [2021-05-03T13:42:41.267Z] [worker-~diagnostic~-029afba2-d0e4-48b3-93b4-e2a060254118]: Assigning socketPath: \\?\pipe\C:\Users\Madara\Desktop\projects\portfolio\functions\3616
[debug] [2021-05-03T13:42:41.267Z] [worker-~diagnostic~-029afba2-d0e4-48b3-93b4-e2a060254118]: BUSY
[debug] [2021-05-03T13:42:41.643Z] [runtime-status] [3616] Functions runtime initialized. {"cwd":"C:\\Users\\Madara\\Desktop\\projects\\portfolio\\functions","node_version":"12.14.0"}
[debug] [2021-05-03T13:42:41.645Z] [runtime-status] [3616] Disabled runtime features: {"functions_config_helper":true,"network_filtering":true,"timeout":true,"memory_limiting":true,"admin_stubs":true,"pubsub_emulator":true}
[debug] [2021-05-03T13:42:41.648Z] [runtime-status] [3616] Resolved module firebase-admin {"declared":true,"installed":true,"version":"8.13.0","resolution":"C:\\Users\\Madara\\Desktop\\projects\\portfolio\\functions\\node_modules\\firebase-admin\\lib\\index.js"}
[debug] [2021-05-03T13:42:41.650Z] [runtime-status] [3616] Resolved module firebase-functions {"declared":true,"installed":true,"version":"3.13.2","resolution":"C:\\Users\\Madara\\Desktop\\projects\\portfolio\\functions\\node_modules\\firebase-functions\\lib\\index.js"}
[debug] [2021-05-03T13:42:41.650Z] [runtime-status] [3616] Resolved module firebase-functions {"declared":true,"installed":true,"version":"3.13.2","resolution":"C:\\Users\\Madara\\Desktop\\projects\\portfolio\\functions\\node_modules\\firebase-functions\\lib\\index.js"}
[debug] [2021-05-03T13:42:41.715Z] [work-queue] {"queueLength":1,"workRunningCount":0}
[debug] [2021-05-03T13:42:41.715Z] [work-queue] {"queueLength":0,"workRunningCount":1}
[debug] [2021-05-03T13:42:41.715Z] Accepted request OPTIONS /portfolio-7ed56/us-central1/authApi/sessionDetails --> authApi
[debug] [2021-05-03T13:42:41.720Z] [worker-pool] addWorker(authApi)
[debug] [2021-05-03T13:42:41.720Z] [worker-pool] Adding worker with key authApi, total=1
[debug] [2021-05-03T13:42:41.720Z] [worker-pool] submitWork(triggerId=authApi)
[debug] [2021-05-03T13:42:41.720Z] [worker-authApi-7feb36b0-11ac-443e-b44c-0a88804df44e]: Assigning socketPath: \\?\pipe\C:\Users\Madara\Desktop\projects\portfolio\functions\21080
[debug] [2021-05-03T13:42:41.720Z] [worker-authApi-7feb36b0-11ac-443e-b44c-0a88804df44e]: BUSY
[debug] [2021-05-03T13:42:42.084Z] [runtime-status] [21080] Functions runtime initialized. {"cwd":"C:\\Users\\Madara\\Desktop\\projects\\portfolio\\functions","node_version":"12.14.0"}
[debug] [2021-05-03T13:42:42.085Z] [runtime-status] [21080] Disabled runtime features: {"functions_config_helper":true,"network_filtering":true,"timeout":true,"memory_limiting":true,"admin_stubs":true,"pubsub_emulator":true}
[debug] [2021-05-03T13:42:42.091Z] [runtime-status] [21080] Resolved module firebase-admin {"declared":true,"installed":true,"version":"8.13.0","resolution":"C:\\Users\\Madara\\Desktop\\projects\\portfolio\\functions\\node_modules\\firebase-admin\\lib\\index.js"}
[debug] [2021-05-03T13:42:42.099Z] [runtime-status] [21080] Resolved module firebase-functions {"declared":true,"installed":true,"version":"3.13.2","resolution":"C:\\Users\\Madara\\Desktop\\projects\\portfolio\\functions\\node_modules\\firebase-functions\\lib\\index.js"}
[debug] [2021-05-03T13:42:42.101Z] [runtime-status] [21080] Resolved module firebase-functions {"declared":true,"installed":true,"version":"3.13.2","resolution":"C:\\Users\\Madara\\Desktop\\projects\\portfolio\\functions\\node_modules\\firebase-functions\\lib\\index.js"}
[debug] [2021-05-03T13:42:42.596Z] [worker-~diagnostic~-029afba2-d0e4-48b3-93b4-e2a060254118]: IDLE
[debug] [2021-05-03T13:42:42.967Z] [runtime-status] [21080] Trigger "authApi" has been found, beginning invocation!
[info] i  functions: Beginning execution of "authApi"
[debug] [2021-05-03T13:42:42.970Z] [runtime-status] [21080] triggerDefinition {"httpsTrigger":{},"name":"authApi","entryPoint":"authApi"}
[debug] [2021-05-03T13:42:42.970Z] [runtime-status] [21080] Running authApi in mode HTTPS
[debug] [2021-05-03T13:42:42.972Z] [runtime-status] [21080] Attempting to listen to socketPath: \\?\pipe\C:\Users\Madara\Desktop\projects\portfolio\functions\21080
[debug] [2021-05-03T13:42:42.974Z] [functions] Runtime ready! Sending request!
[debug] [2021-05-03T13:42:42.980Z] [runtime-status] [21080] Ephemeral server handling OPTIONS request
[debug] [2021-05-03T13:42:42.983Z] [runtime-status] [21080] Ephemeral server survived.
[info] i  functions: Finished "authApi" in ~1s
[debug] [2021-05-03T13:42:42.986Z] [work-queue] {"queueLength":1,"workRunningCount":1}
[debug] [2021-05-03T13:42:42.986Z] [work-queue] {"queueLength":0,"workRunningCount":2}
[debug] [2021-05-03T13:42:42.986Z] Accepted request GET /portfolio-7ed56/us-central1/authApi/sessionDetails --> authApi
[debug] [2021-05-03T13:42:42.990Z] [worker-pool] addWorker(authApi)
[debug] [2021-05-03T13:42:42.990Z] [worker-pool] Adding worker with key authApi, total=2
[debug] [2021-05-03T13:42:42.990Z] [worker-pool] submitWork(triggerId=authApi)
[debug] [2021-05-03T13:42:42.990Z] [worker-authApi-99a927e0-4545-4806-a6c1-063c4faecdb7]: Assigning socketPath: \\?\pipe\C:\Users\Madara\Desktop\projects\portfolio\functions\9148
[debug] [2021-05-03T13:42:42.990Z] [worker-authApi-99a927e0-4545-4806-a6c1-063c4faecdb7]: BUSY
[debug] [2021-05-03T13:42:42.991Z] [worker-authApi-7feb36b0-11ac-443e-b44c-0a88804df44e]: IDLE
[debug] [2021-05-03T13:42:42.991Z] [work-queue] {"queueLength":0,"workRunningCount":1}
[debug] [2021-05-03T13:42:43.427Z] [runtime-status] [9148] Functions runtime initialized. {"cwd":"C:\\Users\\Madara\\Desktop\\projects\\portfolio\\functions","node_version":"12.14.0"}
[debug] [2021-05-03T13:42:43.428Z] [runtime-status] [9148] Disabled runtime features: {"functions_config_helper":true,"network_filtering":true,"timeout":true,"memory_limiting":true,"admin_stubs":true,"pubsub_emulator":true}
[debug] [2021-05-03T13:42:43.431Z] [runtime-status] [9148] Resolved module firebase-admin {"declared":true,"installed":true,"version":"8.13.0","resolution":"C:\\Users\\Madara\\Desktop\\projects\\portfolio\\functions\\node_modules\\firebase-admin\\lib\\index.js"}
[debug] [2021-05-03T13:42:43.433Z] [runtime-status] [9148] Resolved module firebase-functions {"declared":true,"installed":true,"version":"3.13.2","resolution":"C:\\Users\\Madara\\Desktop\\projects\\portfolio\\functions\\node_modules\\firebase-functions\\lib\\index.js"}
[debug] [2021-05-03T13:42:43.433Z] [runtime-status] [9148] Resolved module firebase-functions {"declared":true,"installed":true,"version":"3.13.2","resolution":"C:\\Users\\Madara\\Desktop\\projects\\portfolio\\functions\\node_modules\\firebase-functions\\lib\\index.js"}
[debug] [2021-05-03T13:42:44.219Z] [runtime-status] [9148] Trigger "authApi" has been found, beginning invocation!
[info] i  functions: Beginning execution of "authApi"
[debug] [2021-05-03T13:42:44.221Z] [runtime-status] [9148] triggerDefinition {"httpsTrigger":{},"name":"authApi","entryPoint":"authApi"}
[debug] [2021-05-03T13:42:44.221Z] [runtime-status] [9148] Running authApi in mode HTTPS
[debug] [2021-05-03T13:42:44.223Z] [runtime-status] [9148] Attempting to listen to socketPath: \\?\pipe\C:\Users\Madara\Desktop\projects\portfolio\functions\9148
[debug] [2021-05-03T13:42:44.225Z] [functions] Runtime ready! Sending request!
[debug] [2021-05-03T13:42:44.231Z] [runtime-status] [9148] Ephemeral server handling GET request
[info] >  Check if request is authorized with Firebase ID token
[info] >  Found "Authorization" header
[debug] [2021-05-03T13:42:44.251Z] [runtime-status] [9148] Ephemeral server survived.
[info] >  ID Token correctly decoded kNEjkZXvzmSLdpa96IqcY9wRftx2
[info] i  functions: Finished "authApi" in ~1s
[debug] [2021-05-03T13:42:44.393Z] [worker-authApi-99a927e0-4545-4806-a6c1-063c4faecdb7]: IDLE
[debug] [2021-05-03T13:42:44.393Z] [work-queue] {"queueLength":0,"workRunningCount":0}
[debug] [2021-05-03T13:46:28.548Z] [work-queue] {"queueLength":1,"workRunningCount":0}
[debug] [2021-05-03T13:46:28.548Z] [work-queue] {"queueLength":0,"workRunningCount":1}
[debug] [2021-05-03T13:46:28.548Z] Accepted request OPTIONS /portfolio-7ed56/us-central1/authApi/sessionDetails --> authApi
[debug] [2021-05-03T13:46:28.548Z] [worker-pool] submitWork(triggerId=authApi)
[debug] [2021-05-03T13:46:28.549Z] [worker-authApi-7feb36b0-11ac-443e-b44c-0a88804df44e]: Assigning socketPath: \\?\pipe\C:\Users\Madara\Desktop\projects\portfolio\functions\21080
[debug] [2021-05-03T13:46:28.549Z] [worker-authApi-7feb36b0-11ac-443e-b44c-0a88804df44e]: BUSY
[debug] [2021-05-03T13:46:28.549Z] [runtime-status] [21080] Trigger "authApi" has been found, beginning invocation!
[info] i  functions: Beginning execution of "authApi"
[debug] [2021-05-03T13:46:28.559Z] [runtime-status] [21080] triggerDefinition {"httpsTrigger":{},"name":"authApi","entryPoint":"authApi"}
[debug] [2021-05-03T13:46:28.559Z] [runtime-status] [21080] Running authApi in mode HTTPS
[debug] [2021-05-03T13:46:28.559Z] [runtime-status] [21080] Attempting to listen to socketPath: \\?\pipe\C:\Users\Madara\Desktop\projects\portfolio\functions\21080
[debug] [2021-05-03T13:46:28.561Z] [functions] Runtime ready! Sending request!
[debug] [2021-05-03T13:46:28.564Z] [runtime-status] [21080] Ephemeral server handling OPTIONS request
[debug] [2021-05-03T13:46:28.565Z] [runtime-status] [21080] Ephemeral server survived.
[info] i  functions: Finished "authApi" in ~1s
[debug] [2021-05-03T13:46:28.567Z] [worker-authApi-7feb36b0-11ac-443e-b44c-0a88804df44e]: IDLE
[debug] [2021-05-03T13:46:28.567Z] [work-queue] {"queueLength":0,"workRunningCount":0}
[debug] [2021-05-03T13:46:28.571Z] [work-queue] {"queueLength":1,"workRunningCount":0}
[debug] [2021-05-03T13:46:28.572Z] [work-queue] {"queueLength":0,"workRunningCount":1}
[debug] [2021-05-03T13:46:28.572Z] Accepted request GET /portfolio-7ed56/us-central1/authApi/sessionDetails --> authApi
[debug] [2021-05-03T13:46:28.572Z] [worker-pool] submitWork(triggerId=authApi)
[debug] [2021-05-03T13:46:28.572Z] [worker-authApi-7feb36b0-11ac-443e-b44c-0a88804df44e]: Assigning socketPath: \\?\pipe\C:\Users\Madara\Desktop\projects\portfolio\functions\21080
[debug] [2021-05-03T13:46:28.572Z] [worker-authApi-7feb36b0-11ac-443e-b44c-0a88804df44e]: BUSY
[debug] [2021-05-03T13:46:28.580Z] [runtime-status] [21080] Trigger "authApi" has been found, beginning invocation!
[info] i  functions: Beginning execution of "authApi"
[debug] [2021-05-03T13:46:28.583Z] [runtime-status] [21080] triggerDefinition {"httpsTrigger":{},"name":"authApi","entryPoint":"authApi"}
[debug] [2021-05-03T13:46:28.583Z] [runtime-status] [21080] Running authApi in mode HTTPS
[debug] [2021-05-03T13:46:28.584Z] [runtime-status] [21080] Attempting to listen to socketPath: \\?\pipe\C:\Users\Madara\Desktop\projects\portfolio\functions\21080
[debug] [2021-05-03T13:46:28.585Z] [functions] Runtime ready! Sending request!
[debug] [2021-05-03T13:46:28.589Z] [runtime-status] [21080] Ephemeral server handling GET request
[info] >  Check if request is authorized with Firebase ID token
[info] >  Found "Authorization" header
[debug] [2021-05-03T13:46:28.617Z] [runtime-status] [21080] Ephemeral server survived.
[info] >  ID Token correctly decoded kNEjkZXvzmSLdpa96IqcY9wRftx2
[info] i  functions: Finished "authApi" in ~1s
[debug] [2021-05-03T13:46:28.748Z] [worker-authApi-7feb36b0-11ac-443e-b44c-0a88804df44e]: IDLE
[debug] [2021-05-03T13:46:28.748Z] [work-queue] {"queueLength":0,"workRunningCount":0}
[debug] [2021-05-03T13:47:13.242Z] [work-queue] {"queueLength":1,"workRunningCount":0}
[debug] [2021-05-03T13:47:13.243Z] [work-queue] {"queueLength":0,"workRunningCount":1}
[debug] [2021-05-03T13:47:13.243Z] Accepted request OPTIONS /portfolio-7ed56/us-central1/authApi/sessionDetails --> authApi
[debug] [2021-05-03T13:47:13.243Z] [worker-pool] submitWork(triggerId=authApi)
[debug] [2021-05-03T13:47:13.243Z] [worker-authApi-7feb36b0-11ac-443e-b44c-0a88804df44e]: Assigning socketPath: \\?\pipe\C:\Users\Madara\Desktop\projects\portfolio\functions\21080
[debug] [2021-05-03T13:47:13.243Z] [worker-authApi-7feb36b0-11ac-443e-b44c-0a88804df44e]: BUSY
[debug] [2021-05-03T13:47:13.243Z] [runtime-status] [21080] Trigger "authApi" has been found, beginning invocation!
[info] i  functions: Beginning execution of "authApi"
[debug] [2021-05-03T13:47:13.245Z] [runtime-status] [21080] triggerDefinition {"httpsTrigger":{},"name":"authApi","entryPoint":"authApi"}
[debug] [2021-05-03T13:47:13.245Z] [runtime-status] [21080] Running authApi in mode HTTPS
[debug] [2021-05-03T13:47:13.245Z] [runtime-status] [21080] Attempting to listen to socketPath: \\?\pipe\C:\Users\Madara\Desktop\projects\portfolio\functions\21080
[debug] [2021-05-03T13:47:13.246Z] [functions] Runtime ready! Sending request!
[debug] [2021-05-03T13:47:13.249Z] [runtime-status] [21080] Ephemeral server handling OPTIONS request
[debug] [2021-05-03T13:47:13.249Z] [runtime-status] [21080] Ephemeral server survived.
[info] i  functions: Finished "authApi" in ~1s
[debug] [2021-05-03T13:47:13.250Z] [worker-authApi-7feb36b0-11ac-443e-b44c-0a88804df44e]: IDLE
[debug] [2021-05-03T13:47:13.250Z] [work-queue] {"queueLength":0,"workRunningCount":0}
[debug] [2021-05-03T13:47:13.252Z] [work-queue] {"queueLength":1,"workRunningCount":0}
[debug] [2021-05-03T13:47:13.252Z] [work-queue] {"queueLength":0,"workRunningCount":1}
[debug] [2021-05-03T13:47:13.253Z] Accepted request GET /portfolio-7ed56/us-central1/authApi/sessionDetails --> authApi
[debug] [2021-05-03T13:47:13.253Z] [worker-pool] submitWork(triggerId=authApi)
[debug] [2021-05-03T13:47:13.253Z] [worker-authApi-7feb36b0-11ac-443e-b44c-0a88804df44e]: Assigning socketPath: \\?\pipe\C:\Users\Madara\Desktop\projects\portfolio\functions\21080
[debug] [2021-05-03T13:47:13.253Z] [worker-authApi-7feb36b0-11ac-443e-b44c-0a88804df44e]: BUSY
[debug] [2021-05-03T13:47:13.260Z] [runtime-status] [21080] Trigger "authApi" has been found, beginning invocation!
[info] i  functions: Beginning execution of "authApi"
[debug] [2021-05-03T13:47:13.261Z] [runtime-status] [21080] triggerDefinition {"httpsTrigger":{},"name":"authApi","entryPoint":"authApi"}
[debug] [2021-05-03T13:47:13.261Z] [runtime-status] [21080] Running authApi in mode HTTPS
[debug] [2021-05-03T13:47:13.261Z] [runtime-status] [21080] Attempting to listen to socketPath: \\?\pipe\C:\Users\Madara\Desktop\projects\portfolio\functions\21080
[debug] [2021-05-03T13:47:13.262Z] [functions] Runtime ready! Sending request!
[debug] [2021-05-03T13:47:13.264Z] [runtime-status] [21080] Ephemeral server handling GET request
[info] >  Check if request is authorized with Firebase ID token
[debug] [2021-05-03T13:47:13.265Z] [runtime-status] [21080] Ephemeral server survived.
[info] >  Found "Authorization" header
[info] >  ID Token correctly decoded kNEjkZXvzmSLdpa96IqcY9wRftx2
[info] i  functions: Finished "authApi" in ~1s
[debug] [2021-05-03T13:47:13.267Z] [worker-authApi-7feb36b0-11ac-443e-b44c-0a88804df44e]: IDLE
[debug] [2021-05-03T13:47:13.267Z] [work-queue] {"queueLength":0,"workRunningCount":0}
[debug] [2021-05-03T13:49:41.426Z] [work-queue] {"queueLength":1,"workRunningCount":0}
[debug] [2021-05-03T13:49:41.427Z] [work-queue] {"queueLength":0,"workRunningCount":1}
[debug] [2021-05-03T13:49:41.427Z] Accepted request OPTIONS /portfolio-7ed56/us-central1/authApi/sessionDetails --> authApi
[debug] [2021-05-03T13:49:41.427Z] [worker-pool] submitWork(triggerId=authApi)
[debug] [2021-05-03T13:49:41.427Z] [worker-authApi-7feb36b0-11ac-443e-b44c-0a88804df44e]: Assigning socketPath: \\?\pipe\C:\Users\Madara\Desktop\projects\portfolio\functions\21080
[debug] [2021-05-03T13:49:41.427Z] [worker-authApi-7feb36b0-11ac-443e-b44c-0a88804df44e]: BUSY
[debug] [2021-05-03T13:49:41.428Z] [runtime-status] [21080] Trigger "authApi" has been found, beginning invocation!
[info] i  functions: Beginning execution of "authApi"
[debug] [2021-05-03T13:49:41.432Z] [runtime-status] [21080] triggerDefinition {"httpsTrigger":{},"name":"authApi","entryPoint":"authApi"}
[debug] [2021-05-03T13:49:41.432Z] [runtime-status] [21080] Running authApi in mode HTTPS
[debug] [2021-05-03T13:49:41.432Z] [runtime-status] [21080] Attempting to listen to socketPath: \\?\pipe\C:\Users\Madara\Desktop\projects\portfolio\functions\21080
[debug] [2021-05-03T13:49:41.434Z] [functions] Runtime ready! Sending request!
[debug] [2021-05-03T13:49:41.437Z] [runtime-status] [21080] Ephemeral server handling OPTIONS request
[debug] [2021-05-03T13:49:41.438Z] [runtime-status] [21080] Ephemeral server survived.
[info] i  functions: Finished "authApi" in ~1s
[debug] [2021-05-03T13:49:41.438Z] [worker-authApi-7feb36b0-11ac-443e-b44c-0a88804df44e]: IDLE
[debug] [2021-05-03T13:49:41.438Z] [work-queue] {"queueLength":0,"workRunningCount":0}
[debug] [2021-05-03T13:49:41.442Z] [work-queue] {"queueLength":1,"workRunningCount":0}
[debug] [2021-05-03T13:49:41.442Z] [work-queue] {"queueLength":0,"workRunningCount":1}
[debug] [2021-05-03T13:49:41.442Z] Accepted request GET /portfolio-7ed56/us-central1/authApi/sessionDetails --> authApi
[debug] [2021-05-03T13:49:41.442Z] [worker-pool] submitWork(triggerId=authApi)
[debug] [2021-05-03T13:49:41.442Z] [worker-authApi-7feb36b0-11ac-443e-b44c-0a88804df44e]: Assigning socketPath: \\?\pipe\C:\Users\Madara\Desktop\projects\portfolio\functions\21080
[debug] [2021-05-03T13:49:41.442Z] [worker-authApi-7feb36b0-11ac-443e-b44c-0a88804df44e]: BUSY
[debug] [2021-05-03T13:49:41.456Z] [runtime-status] [21080] Trigger "authApi" has been found, beginning invocation!
[info] i  functions: Beginning execution of "authApi"
[debug] [2021-05-03T13:49:41.458Z] [runtime-status] [21080] triggerDefinition {"httpsTrigger":{},"name":"authApi","entryPoint":"authApi"}
[debug] [2021-05-03T13:49:41.458Z] [runtime-status] [21080] Running authApi in mode HTTPS
[debug] [2021-05-03T13:49:41.458Z] [runtime-status] [21080] Attempting to listen to socketPath: \\?\pipe\C:\Users\Madara\Desktop\projects\portfolio\functions\21080
[debug] [2021-05-03T13:49:41.459Z] [functions] Runtime ready! Sending request!
[debug] [2021-05-03T13:49:41.462Z] [runtime-status] [21080] Ephemeral server handling GET request
[info] >  Check if request is authorized with Firebase ID token
[debug] [2021-05-03T13:49:41.462Z] [runtime-status] [21080] Ephemeral server survived.
[info] >  Found "Authorization" header
[info] >  ID Token correctly decoded kNEjkZXvzmSLdpa96IqcY9wRftx2
[info] i  functions: Finished "authApi" in ~1s
[debug] [2021-05-03T13:49:41.465Z] [worker-authApi-7feb36b0-11ac-443e-b44c-0a88804df44e]: IDLE
[debug] [2021-05-03T13:49:41.465Z] [work-queue] {"queueLength":0,"workRunningCount":0}
[debug] [2021-05-03T13:50:19.998Z] File C:\Users\Madara\Desktop\projects\portfolio\functions\controllers\authMiddleware.js changed, reloading triggers
[debug] [2021-05-03T13:50:21.013Z] [worker-pool] Shutting down IDLE worker (~diagnostic~)
[debug] [2021-05-03T13:50:21.013Z] [worker-~diagnostic~-029afba2-d0e4-48b3-93b4-e2a060254118]: FINISHING
[debug] [2021-05-03T13:50:21.013Z] [worker-pool] Shutting down IDLE worker (authApi)
[debug] [2021-05-03T13:50:21.014Z] [worker-authApi-7feb36b0-11ac-443e-b44c-0a88804df44e]: FINISHING
[debug] [2021-05-03T13:50:21.014Z] [worker-pool] Shutting down IDLE worker (authApi)
[debug] [2021-05-03T13:50:21.014Z] [worker-authApi-99a927e0-4545-4806-a6c1-063c4faecdb7]: FINISHING
[debug] [2021-05-03T13:50:21.021Z] [worker-pool] addWorker(~diagnostic~)
[debug] [2021-05-03T13:50:21.021Z] [worker-pool] Adding worker with key ~diagnostic~, total=2
[debug] [2021-05-03T13:50:21.021Z] [worker-pool] submitWork(triggerId=)
[debug] [2021-05-03T13:50:21.021Z] [worker-~diagnostic~-3bbd5c91-80ae-43f3-bb8f-5084131fe1a1]: Assigning socketPath: \\?\pipe\C:\Users\Madara\Desktop\projects\portfolio\functions\21892
[debug] [2021-05-03T13:50:21.022Z] [worker-~diagnostic~-3bbd5c91-80ae-43f3-bb8f-5084131fe1a1]: BUSY
[debug] [2021-05-03T13:50:21.024Z] [worker-authApi-7feb36b0-11ac-443e-b44c-0a88804df44e]: exited
[debug] [2021-05-03T13:50:21.024Z] [worker-authApi-7feb36b0-11ac-443e-b44c-0a88804df44e]: FINISHED
[debug] [2021-05-03T13:50:21.025Z] [worker-authApi-99a927e0-4545-4806-a6c1-063c4faecdb7]: exited
[debug] [2021-05-03T13:50:21.025Z] [worker-authApi-99a927e0-4545-4806-a6c1-063c4faecdb7]: FINISHED
[debug] [2021-05-03T13:50:21.025Z] [worker-~diagnostic~-029afba2-d0e4-48b3-93b4-e2a060254118]: exited
[debug] [2021-05-03T13:50:21.025Z] [worker-~diagnostic~-029afba2-d0e4-48b3-93b4-e2a060254118]: FINISHED
[debug] [2021-05-03T13:50:21.352Z] [runtime-status] [21892] Functions runtime initialized. {"cwd":"C:\\Users\\Madara\\Desktop\\projects\\portfolio\\functions","node_version":"12.14.0"}
[debug] [2021-05-03T13:50:21.353Z] [runtime-status] [21892] Disabled runtime features: {"functions_config_helper":true,"network_filtering":true,"timeout":true,"memory_limiting":true,"admin_stubs":true,"pubsub_emulator":true}
[debug] [2021-05-03T13:50:21.356Z] [runtime-status] [21892] Resolved module firebase-admin {"declared":true,"installed":true,"version":"8.13.0","resolution":"C:\\Users\\Madara\\Desktop\\projects\\portfolio\\functions\\node_modules\\firebase-admin\\lib\\index.js"}
[debug] [2021-05-03T13:50:21.358Z] [runtime-status] [21892] Resolved module firebase-functions {"declared":true,"installed":true,"version":"3.13.2","resolution":"C:\\Users\\Madara\\Desktop\\projects\\portfolio\\functions\\node_modules\\firebase-functions\\lib\\index.js"}
[debug] [2021-05-03T13:50:21.359Z] [runtime-status] [21892] Resolved module firebase-functions {"declared":true,"installed":true,"version":"3.13.2","resolution":"C:\\Users\\Madara\\Desktop\\projects\\portfolio\\functions\\node_modules\\firebase-functions\\lib\\index.js"}
[debug] [2021-05-03T13:50:22.152Z] [worker-~diagnostic~-3bbd5c91-80ae-43f3-bb8f-5084131fe1a1]: IDLE
[debug] [2021-05-03T13:50:53.838Z] File C:\Users\Madara\Desktop\projects\portfolio\functions\controllers\authMiddleware.js changed, reloading triggers
[debug] [2021-05-03T13:50:54.841Z] [worker-pool] Shutting down IDLE worker (~diagnostic~)
[debug] [2021-05-03T13:50:54.842Z] [worker-~diagnostic~-3bbd5c91-80ae-43f3-bb8f-5084131fe1a1]: FINISHING
[debug] [2021-05-03T13:50:54.842Z] [worker-pool] Cleaned up workers for ~diagnostic~: 2 --> 1
[debug] [2021-05-03T13:50:54.842Z] [worker-pool] Cleaned up workers for authApi: 2 --> 0
[debug] [2021-05-03T13:50:54.849Z] [worker-pool] addWorker(~diagnostic~)
[debug] [2021-05-03T13:50:54.850Z] [worker-pool] Adding worker with key ~diagnostic~, total=2
[debug] [2021-05-03T13:50:54.850Z] [worker-pool] submitWork(triggerId=)
[debug] [2021-05-03T13:50:54.850Z] [worker-~diagnostic~-ad691478-9805-4d64-a475-13c9e0b43f1d]: Assigning socketPath: \\?\pipe\C:\Users\Madara\Desktop\projects\portfolio\functions\18356
[debug] [2021-05-03T13:50:54.850Z] [worker-~diagnostic~-ad691478-9805-4d64-a475-13c9e0b43f1d]: BUSY
[debug] [2021-05-03T13:50:54.851Z] [worker-~diagnostic~-3bbd5c91-80ae-43f3-bb8f-5084131fe1a1]: exited
[debug] [2021-05-03T13:50:54.851Z] [worker-~diagnostic~-3bbd5c91-80ae-43f3-bb8f-5084131fe1a1]: FINISHED
[debug] [2021-05-03T13:50:55.190Z] [runtime-status] [18356] Functions runtime initialized. {"cwd":"C:\\Users\\Madara\\Desktop\\projects\\portfolio\\functions","node_version":"12.14.0"}
[debug] [2021-05-03T13:50:55.191Z] [runtime-status] [18356] Disabled runtime features: {"functions_config_helper":true,"network_filtering":true,"timeout":true,"memory_limiting":true,"admin_stubs":true,"pubsub_emulator":true}
[debug] [2021-05-03T13:50:55.193Z] [runtime-status] [18356] Resolved module firebase-admin {"declared":true,"installed":true,"version":"8.13.0","resolution":"C:\\Users\\Madara\\Desktop\\projects\\portfolio\\functions\\node_modules\\firebase-admin\\lib\\index.js"}
[debug] [2021-05-03T13:50:55.195Z] [runtime-status] [18356] Resolved module firebase-functions {"declared":true,"installed":true,"version":"3.13.2","resolution":"C:\\Users\\Madara\\Desktop\\projects\\portfolio\\functions\\node_modules\\firebase-functions\\lib\\index.js"}
[debug] [2021-05-03T13:50:55.196Z] [runtime-status] [18356] Resolved module firebase-functions {"declared":true,"installed":true,"version":"3.13.2","resolution":"C:\\Users\\Madara\\Desktop\\projects\\portfolio\\functions\\node_modules\\firebase-functions\\lib\\index.js"}
[debug] [2021-05-03T13:50:55.998Z] [worker-~diagnostic~-ad691478-9805-4d64-a475-13c9e0b43f1d]: IDLE
[debug] [2021-05-03T13:51:57.358Z] File C:\Users\Madara\Desktop\projects\portfolio\functions\controllers\infoCard.js changed, reloading triggers
[debug] [2021-05-03T13:51:58.362Z] [worker-pool] Shutting down IDLE worker (~diagnostic~)
[debug] [2021-05-03T13:51:58.362Z] [worker-~diagnostic~-ad691478-9805-4d64-a475-13c9e0b43f1d]: FINISHING
[debug] [2021-05-03T13:51:58.363Z] [worker-pool] Cleaned up workers for ~diagnostic~: 2 --> 1
[debug] [2021-05-03T13:51:58.370Z] [worker-pool] addWorker(~diagnostic~)
[debug] [2021-05-03T13:51:58.370Z] [worker-pool] Adding worker with key ~diagnostic~, total=2
[debug] [2021-05-03T13:51:58.370Z] [worker-pool] submitWork(triggerId=)
[debug] [2021-05-03T13:51:58.371Z] [worker-~diagnostic~-d90f2432-f6c9-4664-9eb7-dcaf34fd551f]: Assigning socketPath: \\?\pipe\C:\Users\Madara\Desktop\projects\portfolio\functions\11672
[debug] [2021-05-03T13:51:58.371Z] [worker-~diagnostic~-d90f2432-f6c9-4664-9eb7-dcaf34fd551f]: BUSY
[debug] [2021-05-03T13:51:58.373Z] [worker-~diagnostic~-ad691478-9805-4d64-a475-13c9e0b43f1d]: exited
[debug] [2021-05-03T13:51:58.373Z] [worker-~diagnostic~-ad691478-9805-4d64-a475-13c9e0b43f1d]: FINISHED
[debug] [2021-05-03T13:51:58.704Z] [runtime-status] [11672] Functions runtime initialized. {"cwd":"C:\\Users\\Madara\\Desktop\\projects\\portfolio\\functions","node_version":"12.14.0"}
[debug] [2021-05-03T13:51:58.705Z] [runtime-status] [11672] Disabled runtime features: {"functions_config_helper":true,"network_filtering":true,"timeout":true,"memory_limiting":true,"admin_stubs":true,"pubsub_emulator":true}
[debug] [2021-05-03T13:51:58.708Z] [runtime-status] [11672] Resolved module firebase-admin {"declared":true,"installed":true,"version":"8.13.0","resolution":"C:\\Users\\Madara\\Desktop\\projects\\portfolio\\functions\\node_modules\\firebase-admin\\lib\\index.js"}
[debug] [2021-05-03T13:51:58.710Z] [runtime-status] [11672] Resolved module firebase-functions {"declared":true,"installed":true,"version":"3.13.2","resolution":"C:\\Users\\Madara\\Desktop\\projects\\portfolio\\functions\\node_modules\\firebase-functions\\lib\\index.js"}
[debug] [2021-05-03T13:51:58.711Z] [runtime-status] [11672] Resolved module firebase-functions {"declared":true,"installed":true,"version":"3.13.2","resolution":"C:\\Users\\Madara\\Desktop\\projects\\portfolio\\functions\\node_modules\\firebase-functions\\lib\\index.js"}
[debug] [2021-05-03T13:51:59.672Z] [worker-~diagnostic~-d90f2432-f6c9-4664-9eb7-dcaf34fd551f]: IDLE
[debug] [2021-05-03T13:52:11.753Z] File C:\Users\Madara\Desktop\projects\portfolio\functions\controllers\infoCard.js changed, reloading triggers
[debug] [2021-05-03T13:52:12.768Z] [worker-pool] Shutting down IDLE worker (~diagnostic~)
[debug] [2021-05-03T13:52:12.768Z] [worker-~diagnostic~-d90f2432-f6c9-4664-9eb7-dcaf34fd551f]: FINISHING
[debug] [2021-05-03T13:52:12.768Z] [worker-pool] Cleaned up workers for ~diagnostic~: 2 --> 1
[debug] [2021-05-03T13:52:12.773Z] [worker-pool] addWorker(~diagnostic~)
[debug] [2021-05-03T13:52:12.774Z] [worker-pool] Adding worker with key ~diagnostic~, total=2
[debug] [2021-05-03T13:52:12.774Z] [worker-pool] submitWork(triggerId=)
[debug] [2021-05-03T13:52:12.774Z] [worker-~diagnostic~-e7797d87-5f95-4bea-9c90-e7d3b48c130b]: Assigning socketPath: \\?\pipe\C:\Users\Madara\Desktop\projects\portfolio\functions\20328
[debug] [2021-05-03T13:52:12.774Z] [worker-~diagnostic~-e7797d87-5f95-4bea-9c90-e7d3b48c130b]: BUSY
[debug] [2021-05-03T13:52:12.780Z] [worker-~diagnostic~-d90f2432-f6c9-4664-9eb7-dcaf34fd551f]: exited
[debug] [2021-05-03T13:52:12.780Z] [worker-~diagnostic~-d90f2432-f6c9-4664-9eb7-dcaf34fd551f]: FINISHED
[debug] [2021-05-03T13:52:13.113Z] [runtime-status] [20328] Functions runtime initialized. {"cwd":"C:\\Users\\Madara\\Desktop\\projects\\portfolio\\functions","node_version":"12.14.0"}
[debug] [2021-05-03T13:52:13.114Z] [runtime-status] [20328] Disabled runtime features: {"functions_config_helper":true,"network_filtering":true,"timeout":true,"memory_limiting":true,"admin_stubs":true,"pubsub_emulator":true}
[debug] [2021-05-03T13:52:13.117Z] [runtime-status] [20328] Resolved module firebase-admin {"declared":true,"installed":true,"version":"8.13.0","resolution":"C:\\Users\\Madara\\Desktop\\projects\\portfolio\\functions\\node_modules\\firebase-admin\\lib\\index.js"}
[debug] [2021-05-03T13:52:13.119Z] [runtime-status] [20328] Resolved module firebase-functions {"declared":true,"installed":true,"version":"3.13.2","resolution":"C:\\Users\\Madara\\Desktop\\projects\\portfolio\\functions\\node_modules\\firebase-functions\\lib\\index.js"}
[debug] [2021-05-03T13:52:13.120Z] [runtime-status] [20328] Resolved module firebase-functions {"declared":true,"installed":true,"version":"3.13.2","resolution":"C:\\Users\\Madara\\Desktop\\projects\\portfolio\\functions\\node_modules\\firebase-functions\\lib\\index.js"}
[warn] !  C:\Users\Madara\Desktop\projects\portfolio\functions\controllers\infoCard.js:58



SyntaxError: Unexpected end of input
    at Module._compile (internal/modules/cjs/loader.js:895:18)
    at Object.Module._extensions..js (internal/modules/cjs/loader.js:995:10)
    at Module.load (internal/modules/cjs/loader.js:815:32)
    at Function.Module._load (internal/modules/cjs/loader.js:727:14)
    at Module.require (internal/modules/cjs/loader.js:852:19)
    at require (internal/modules/cjs/helpers.js:74:18)
    at Object.<anonymous> (C:\Users\Madara\Desktop\projects\portfolio\functions\index.js:5:6)
    at Module._compile (internal/modules/cjs/loader.js:959:30)
    at Object.Module._extensions..js (internal/modules/cjs/loader.js:995:10)
    at Module.load (internal/modules/cjs/loader.js:815:32)
[warn] !  We were unable to load your functions code. (see above)
[debug] [2021-05-03T13:52:13.926Z] [worker-~diagnostic~-e7797d87-5f95-4bea-9c90-e7d3b48c130b]: exited
[debug] [2021-05-03T13:52:13.926Z] [worker-~diagnostic~-e7797d87-5f95-4bea-9c90-e7d3b48c130b]: FINISHED
[debug] [2021-05-03T14:01:10.289Z] [work-queue] {"queueLength":1,"workRunningCount":0}
[debug] [2021-05-03T14:01:10.289Z] [work-queue] {"queueLength":0,"workRunningCount":1}
[debug] [2021-05-03T14:01:10.289Z] Accepted request OPTIONS /portfolio-7ed56/us-central1/authApi/sessionDetails --> authApi
[debug] [2021-05-03T14:01:10.290Z] [worker-pool] Cleaned up workers for ~diagnostic~: 2 --> 0
[debug] [2021-05-03T14:01:10.295Z] [worker-pool] addWorker(authApi)
[debug] [2021-05-03T14:01:10.296Z] [worker-pool] Adding worker with key authApi, total=1
[debug] [2021-05-03T14:01:10.296Z] [worker-pool] submitWork(triggerId=authApi)
[debug] [2021-05-03T14:01:10.296Z] [worker-authApi-4df0ddc6-5582-407c-8bff-ad5d595c05b6]: Assigning socketPath: \\?\pipe\C:\Users\Madara\Desktop\projects\portfolio\functions\9652
[debug] [2021-05-03T14:01:10.296Z] [worker-authApi-4df0ddc6-5582-407c-8bff-ad5d595c05b6]: BUSY
[debug] [2021-05-03T14:01:10.660Z] [runtime-status] [9652] Functions runtime initialized. {"cwd":"C:\\Users\\Madara\\Desktop\\projects\\portfolio\\functions","node_version":"12.14.0"}
[debug] [2021-05-03T14:01:10.661Z] [runtime-status] [9652] Disabled runtime features: {"functions_config_helper":true,"network_filtering":true,"timeout":true,"memory_limiting":true,"admin_stubs":true,"pubsub_emulator":true}
[debug] [2021-05-03T14:01:10.664Z] [runtime-status] [9652] Resolved module firebase-admin {"declared":true,"installed":true,"version":"8.13.0","resolution":"C:\\Users\\Madara\\Desktop\\projects\\portfolio\\functions\\node_modules\\firebase-admin\\lib\\index.js"}
[debug] [2021-05-03T14:01:10.666Z] [runtime-status] [9652] Resolved module firebase-functions {"declared":true,"installed":true,"version":"3.13.2","resolution":"C:\\Users\\Madara\\Desktop\\projects\\portfolio\\functions\\node_modules\\firebase-functions\\lib\\index.js"}
[debug] [2021-05-03T14:01:10.667Z] [runtime-status] [9652] Resolved module firebase-functions {"declared":true,"installed":true,"version":"3.13.2","resolution":"C:\\Users\\Madara\\Desktop\\projects\\portfolio\\functions\\node_modules\\firebase-functions\\lib\\index.js"}
[warn] !  C:\Users\Madara\Desktop\projects\portfolio\functions\controllers\infoCard.js:58



SyntaxError: Unexpected end of input
    at Module._compile (internal/modules/cjs/loader.js:895:18)
    at Object.Module._extensions..js (internal/modules/cjs/loader.js:995:10)
    at Module.load (internal/modules/cjs/loader.js:815:32)
    at Function.Module._load (internal/modules/cjs/loader.js:727:14)
    at Module.require (internal/modules/cjs/loader.js:852:19)
    at require (internal/modules/cjs/helpers.js:74:18)
    at Object.<anonymous> (C:\Users\Madara\Desktop\projects\portfolio\functions\index.js:5:6)
    at Module._compile (internal/modules/cjs/loader.js:959:30)
    at Object.Module._extensions..js (internal/modules/cjs/loader.js:995:10)
    at Module.load (internal/modules/cjs/loader.js:815:32)
[warn] !  We were unable to load your functions code. (see above)
[debug] [2021-05-03T14:01:11.476Z] [worker-authApi-4df0ddc6-5582-407c-8bff-ad5d595c05b6]: exited
[debug] [2021-05-03T14:01:11.476Z] [worker-authApi-4df0ddc6-5582-407c-8bff-ad5d595c05b6]: FINISHED
[debug] [2021-05-03T14:02:59.159Z] File C:\Users\Madara\Desktop\projects\portfolio\functions\controllers\infoCard.js changed, reloading triggers
[debug] [2021-05-03T14:03:00.162Z] [worker-pool] Cleaned up workers for authApi: 1 --> 0
[debug] [2021-05-03T14:03:00.169Z] [worker-pool] addWorker(~diagnostic~)
[debug] [2021-05-03T14:03:00.169Z] [worker-pool] Adding worker with key ~diagnostic~, total=1
[debug] [2021-05-03T14:03:00.169Z] [worker-pool] submitWork(triggerId=)
[debug] [2021-05-03T14:03:00.169Z] [worker-~diagnostic~-ced66784-b957-46d1-b724-5bf3fe69d201]: Assigning socketPath: \\?\pipe\C:\Users\Madara\Desktop\projects\portfolio\functions\20428
[debug] [2021-05-03T14:03:00.169Z] [worker-~diagnostic~-ced66784-b957-46d1-b724-5bf3fe69d201]: BUSY
[debug] [2021-05-03T14:03:00.502Z] [runtime-status] [20428] Functions runtime initialized. {"cwd":"C:\\Users\\Madara\\Desktop\\projects\\portfolio\\functions","node_version":"12.14.0"}
[debug] [2021-05-03T14:03:00.503Z] [runtime-status] [20428] Disabled runtime features: {"functions_config_helper":true,"network_filtering":true,"timeout":true,"memory_limiting":true,"admin_stubs":true,"pubsub_emulator":true}
[debug] [2021-05-03T14:03:00.506Z] [runtime-status] [20428] Resolved module firebase-admin {"declared":true,"installed":true,"version":"8.13.0","resolution":"C:\\Users\\Madara\\Desktop\\projects\\portfolio\\functions\\node_modules\\firebase-admin\\lib\\index.js"}
[debug] [2021-05-03T14:03:00.508Z] [runtime-status] [20428] Resolved module firebase-functions {"declared":true,"installed":true,"version":"3.13.2","resolution":"C:\\Users\\Madara\\Desktop\\projects\\portfolio\\functions\\node_modules\\firebase-functions\\lib\\index.js"}
[debug] [2021-05-03T14:03:00.509Z] [runtime-status] [20428] Resolved module firebase-functions {"declared":true,"installed":true,"version":"3.13.2","resolution":"C:\\Users\\Madara\\Desktop\\projects\\portfolio\\functions\\node_modules\\firebase-functions\\lib\\index.js"}
[warn] !  C:\Users\Madara\Desktop\projects\portfolio\functions\controllers\infoCard.js:58



SyntaxError: Unexpected end of input
    at Module._compile (internal/modules/cjs/loader.js:895:18)
    at Object.Module._extensions..js (internal/modules/cjs/loader.js:995:10)
    at Module.load (internal/modules/cjs/loader.js:815:32)
    at Function.Module._load (internal/modules/cjs/loader.js:727:14)
    at Module.require (internal/modules/cjs/loader.js:852:19)
    at require (internal/modules/cjs/helpers.js:74:18)
    at Object.<anonymous> (C:\Users\Madara\Desktop\projects\portfolio\functions\index.js:5:6)
    at Module._compile (internal/modules/cjs/loader.js:959:30)
    at Object.Module._extensions..js (internal/modules/cjs/loader.js:995:10)
    at Module.load (internal/modules/cjs/loader.js:815:32)
[warn] !  We were unable to load your functions code. (see above)
[debug] [2021-05-03T14:03:01.318Z] [worker-~diagnostic~-ced66784-b957-46d1-b724-5bf3fe69d201]: exited
[debug] [2021-05-03T14:03:01.319Z] [worker-~diagnostic~-ced66784-b957-46d1-b724-5bf3fe69d201]: FINISHED
[debug] [2021-05-03T14:03:05.910Z] File C:\Users\Madara\Desktop\projects\portfolio\functions\controllers\infoCard.js changed, reloading triggers
[debug] [2021-05-03T14:03:06.917Z] [worker-pool] Cleaned up workers for ~diagnostic~: 1 --> 0
[debug] [2021-05-03T14:03:06.924Z] [worker-pool] addWorker(~diagnostic~)
[debug] [2021-05-03T14:03:06.924Z] [worker-pool] Adding worker with key ~diagnostic~, total=1
[debug] [2021-05-03T14:03:06.924Z] [worker-pool] submitWork(triggerId=)
[debug] [2021-05-03T14:03:06.924Z] [worker-~diagnostic~-7d799a5a-77af-443a-943c-3e7620cbcdbf]: Assigning socketPath: \\?\pipe\C:\Users\Madara\Desktop\projects\portfolio\functions\9116
[debug] [2021-05-03T14:03:06.924Z] [worker-~diagnostic~-7d799a5a-77af-443a-943c-3e7620cbcdbf]: BUSY
[debug] [2021-05-03T14:03:07.266Z] [runtime-status] [9116] Functions runtime initialized. {"cwd":"C:\\Users\\Madara\\Desktop\\projects\\portfolio\\functions","node_version":"12.14.0"}
[debug] [2021-05-03T14:03:07.267Z] [runtime-status] [9116] Disabled runtime features: {"functions_config_helper":true,"network_filtering":true,"timeout":true,"memory_limiting":true,"admin_stubs":true,"pubsub_emulator":true}
[debug] [2021-05-03T14:03:07.270Z] [runtime-status] [9116] Resolved module firebase-admin {"declared":true,"installed":true,"version":"8.13.0","resolution":"C:\\Users\\Madara\\Desktop\\projects\\portfolio\\functions\\node_modules\\firebase-admin\\lib\\index.js"}
[debug] [2021-05-03T14:03:07.272Z] [runtime-status] [9116] Resolved module firebase-functions {"declared":true,"installed":true,"version":"3.13.2","resolution":"C:\\Users\\Madara\\Desktop\\projects\\portfolio\\functions\\node_modules\\firebase-functions\\lib\\index.js"}
[debug] [2021-05-03T14:03:07.272Z] [runtime-status] [9116] Resolved module firebase-functions {"declared":true,"installed":true,"version":"3.13.2","resolution":"C:\\Users\\Madara\\Desktop\\projects\\portfolio\\functions\\node_modules\\firebase-functions\\lib\\index.js"}
[debug] [2021-05-03T14:03:08.062Z] [worker-~diagnostic~-7d799a5a-77af-443a-943c-3e7620cbcdbf]: IDLE
[debug] [2021-05-03T14:03:10.372Z] [work-queue] {"queueLength":1,"workRunningCount":1}
[debug] [2021-05-03T14:03:10.372Z] [work-queue] {"queueLength":0,"workRunningCount":2}
[debug] [2021-05-03T14:03:10.372Z] Accepted request OPTIONS /portfolio-7ed56/us-central1/authApi/sessionDetails --> authApi
[debug] [2021-05-03T14:03:10.375Z] [worker-pool] addWorker(authApi)
[debug] [2021-05-03T14:03:10.376Z] [worker-pool] Adding worker with key authApi, total=1
[debug] [2021-05-03T14:03:10.376Z] [worker-pool] submitWork(triggerId=authApi)
[debug] [2021-05-03T14:03:10.376Z] [worker-authApi-97550c71-c356-48d8-ac91-d3688374923c]: Assigning socketPath: \\?\pipe\C:\Users\Madara\Desktop\projects\portfolio\functions\6684
[debug] [2021-05-03T14:03:10.376Z] [worker-authApi-97550c71-c356-48d8-ac91-d3688374923c]: BUSY
[debug] [2021-05-03T14:03:10.760Z] [runtime-status] [6684] Functions runtime initialized. {"cwd":"C:\\Users\\Madara\\Desktop\\projects\\portfolio\\functions","node_version":"12.14.0"}
[debug] [2021-05-03T14:03:10.761Z] [runtime-status] [6684] Disabled runtime features: {"functions_config_helper":true,"network_filtering":true,"timeout":true,"memory_limiting":true,"admin_stubs":true,"pubsub_emulator":true}
[debug] [2021-05-03T14:03:10.764Z] [runtime-status] [6684] Resolved module firebase-admin {"declared":true,"installed":true,"version":"8.13.0","resolution":"C:\\Users\\Madara\\Desktop\\projects\\portfolio\\functions\\node_modules\\firebase-admin\\lib\\index.js"}
[debug] [2021-05-03T14:03:10.765Z] [runtime-status] [6684] Resolved module firebase-functions {"declared":true,"installed":true,"version":"3.13.2","resolution":"C:\\Users\\Madara\\Desktop\\projects\\portfolio\\functions\\node_modules\\firebase-functions\\lib\\index.js"}
[debug] [2021-05-03T14:03:10.766Z] [runtime-status] [6684] Resolved module firebase-functions {"declared":true,"installed":true,"version":"3.13.2","resolution":"C:\\Users\\Madara\\Desktop\\projects\\portfolio\\functions\\node_modules\\firebase-functions\\lib\\index.js"}
[debug] [2021-05-03T14:03:11.550Z] [runtime-status] [6684] Trigger "authApi" has been found, beginning invocation!
[info] i  functions: Beginning execution of "authApi"
[debug] [2021-05-03T14:03:11.552Z] [runtime-status] [6684] triggerDefinition {"httpsTrigger":{},"name":"authApi","entryPoint":"authApi"}
[debug] [2021-05-03T14:03:11.553Z] [runtime-status] [6684] Running authApi in mode HTTPS
[debug] [2021-05-03T14:03:11.555Z] [runtime-status] [6684] Attempting to listen to socketPath: \\?\pipe\C:\Users\Madara\Desktop\projects\portfolio\functions\6684
[debug] [2021-05-03T14:03:11.558Z] [functions] Runtime ready! Sending request!
[debug] [2021-05-03T14:03:11.563Z] [runtime-status] [6684] Ephemeral server handling OPTIONS request
[debug] [2021-05-03T14:03:11.567Z] [runtime-status] [6684] Ephemeral server survived.
[info] i  functions: Finished "authApi" in ~1s
[debug] [2021-05-03T14:03:11.569Z] [worker-authApi-97550c71-c356-48d8-ac91-d3688374923c]: IDLE
[debug] [2021-05-03T14:03:11.569Z] [work-queue] {"queueLength":0,"workRunningCount":1}
[debug] [2021-05-03T14:03:11.570Z] [work-queue] {"queueLength":1,"workRunningCount":1}
[debug] [2021-05-03T14:03:11.570Z] [work-queue] {"queueLength":0,"workRunningCount":2}
[debug] [2021-05-03T14:03:11.570Z] Accepted request GET /portfolio-7ed56/us-central1/authApi/sessionDetails --> authApi
[debug] [2021-05-03T14:03:11.570Z] [worker-pool] submitWork(triggerId=authApi)
[debug] [2021-05-03T14:03:11.570Z] [worker-authApi-97550c71-c356-48d8-ac91-d3688374923c]: Assigning socketPath: \\?\pipe\C:\Users\Madara\Desktop\projects\portfolio\functions\6684
[debug] [2021-05-03T14:03:11.570Z] [worker-authApi-97550c71-c356-48d8-ac91-d3688374923c]: BUSY
[debug] [2021-05-03T14:03:11.584Z] [runtime-status] [6684] Trigger "authApi" has been found, beginning invocation!
[info] i  functions: Beginning execution of "authApi"
[debug] [2021-05-03T14:03:11.585Z] [runtime-status] [6684] triggerDefinition {"httpsTrigger":{},"name":"authApi","entryPoint":"authApi"}
[debug] [2021-05-03T14:03:11.586Z] [runtime-status] [6684] Running authApi in mode HTTPS
[debug] [2021-05-03T14:03:11.586Z] [runtime-status] [6684] Attempting to listen to socketPath: \\?\pipe\C:\Users\Madara\Desktop\projects\portfolio\functions\6684
[debug] [2021-05-03T14:03:11.587Z] [functions] Runtime ready! Sending request!
[debug] [2021-05-03T14:03:11.589Z] [runtime-status] [6684] Ephemeral server handling GET request
[info] >  Check if request is authorized with Firebase ID token
[info] >  Found "Authorization" header
[debug] [2021-05-03T14:03:11.607Z] [runtime-status] [6684] Ephemeral server survived.
[info] >  ID Token correctly decoded {
[info] >    iss: 'https://securetoken.google.com/portfolio-7ed56',
[info] >    aud: 'portfolio-7ed56',
[info] >    auth_time: 1620049046,
[info] >    user_id: 'kNEjkZXvzmSLdpa96IqcY9wRftx2',
[info] >    sub: 'kNEjkZXvzmSLdpa96IqcY9wRftx2',
[info] >    iat: 1620049046,
[info] >    exp: 1620052646,
[info] >    email: 'e@e.com',
[info] >    email_verified: false,
[info] >    firebase: { identities: { email: [Array] }, sign_in_provider: 'password' },
[info] >    uid: 'kNEjkZXvzmSLdpa96IqcY9wRftx2'
[info] >  }
[info] i  functions: Finished "authApi" in ~1s
[debug] [2021-05-03T14:03:11.756Z] [worker-authApi-97550c71-c356-48d8-ac91-d3688374923c]: IDLE
[debug] [2021-05-03T14:03:11.757Z] [work-queue] {"queueLength":0,"workRunningCount":1}
[debug] [2021-05-03T14:10:50.691Z] File C:\Users\Madara\Desktop\projects\portfolio\functions\controllers\infoCard.js changed, reloading triggers
[debug] [2021-05-03T14:10:51.697Z] [worker-pool] Shutting down IDLE worker (~diagnostic~)
[debug] [2021-05-03T14:10:51.697Z] [worker-~diagnostic~-7d799a5a-77af-443a-943c-3e7620cbcdbf]: FINISHING
[debug] [2021-05-03T14:10:51.697Z] [worker-pool] Shutting down IDLE worker (authApi)
[debug] [2021-05-03T14:10:51.697Z] [worker-authApi-97550c71-c356-48d8-ac91-d3688374923c]: FINISHING
[debug] [2021-05-03T14:10:51.702Z] [worker-pool] addWorker(~diagnostic~)
[debug] [2021-05-03T14:10:51.702Z] [worker-pool] Adding worker with key ~diagnostic~, total=2
[debug] [2021-05-03T14:10:51.702Z] [worker-pool] submitWork(triggerId=)
[debug] [2021-05-03T14:10:51.702Z] [worker-~diagnostic~-d94627c7-7260-4999-aead-5c4162eaf752]: Assigning socketPath: \\?\pipe\C:\Users\Madara\Desktop\projects\portfolio\functions\18116
[debug] [2021-05-03T14:10:51.702Z] [worker-~diagnostic~-d94627c7-7260-4999-aead-5c4162eaf752]: BUSY
[debug] [2021-05-03T14:10:51.706Z] [worker-~diagnostic~-7d799a5a-77af-443a-943c-3e7620cbcdbf]: exited
[debug] [2021-05-03T14:10:51.706Z] [worker-~diagnostic~-7d799a5a-77af-443a-943c-3e7620cbcdbf]: FINISHED
[debug] [2021-05-03T14:10:51.706Z] [worker-authApi-97550c71-c356-48d8-ac91-d3688374923c]: exited
[debug] [2021-05-03T14:10:51.706Z] [worker-authApi-97550c71-c356-48d8-ac91-d3688374923c]: FINISHED
[debug] [2021-05-03T14:10:52.036Z] [runtime-status] [18116] Functions runtime initialized. {"cwd":"C:\\Users\\Madara\\Desktop\\projects\\portfolio\\functions","node_version":"12.14.0"}
[debug] [2021-05-03T14:10:52.038Z] [runtime-status] [18116] Disabled runtime features: {"functions_config_helper":true,"network_filtering":true,"timeout":true,"memory_limiting":true,"admin_stubs":true,"pubsub_emulator":true}
[debug] [2021-05-03T14:10:52.040Z] [runtime-status] [18116] Resolved module firebase-admin {"declared":true,"installed":true,"version":"8.13.0","resolution":"C:\\Users\\Madara\\Desktop\\projects\\portfolio\\functions\\node_modules\\firebase-admin\\lib\\index.js"}
[debug] [2021-05-03T14:10:52.042Z] [runtime-status] [18116] Resolved module firebase-functions {"declared":true,"installed":true,"version":"3.13.2","resolution":"C:\\Users\\Madara\\Desktop\\projects\\portfolio\\functions\\node_modules\\firebase-functions\\lib\\index.js"}
[debug] [2021-05-03T14:10:52.043Z] [runtime-status] [18116] Resolved module firebase-functions {"declared":true,"installed":true,"version":"3.13.2","resolution":"C:\\Users\\Madara\\Desktop\\projects\\portfolio\\functions\\node_modules\\firebase-functions\\lib\\index.js"}
[debug] [2021-05-03T14:10:52.242Z] File C:\Users\Madara\Desktop\projects\portfolio\functions\controllers\infoCard.js changed, reloading triggers
[warn] !  C:\Users\Madara\Desktop\projects\portfolio\functions\controllers\infoCard.js:59



SyntaxError: Unexpected end of input
    at Module._compile (internal/modules/cjs/loader.js:895:18)
    at Object.Module._extensions..js (internal/modules/cjs/loader.js:995:10)
    at Module.load (internal/modules/cjs/loader.js:815:32)
    at Function.Module._load (internal/modules/cjs/loader.js:727:14)
    at Module.require (internal/modules/cjs/loader.js:852:19)
    at require (internal/modules/cjs/helpers.js:74:18)
    at Object.<anonymous> (C:\Users\Madara\Desktop\projects\portfolio\functions\index.js:5:6)
    at Module._compile (internal/modules/cjs/loader.js:959:30)
    at Object.Module._extensions..js (internal/modules/cjs/loader.js:995:10)
    at Module.load (internal/modules/cjs/loader.js:815:32)
[warn] !  We were unable to load your functions code. (see above)
[debug] [2021-05-03T14:10:52.866Z] [worker-~diagnostic~-d94627c7-7260-4999-aead-5c4162eaf752]: exited
[debug] [2021-05-03T14:10:52.866Z] [worker-~diagnostic~-d94627c7-7260-4999-aead-5c4162eaf752]: FINISHED
[debug] [2021-05-03T14:10:53.249Z] [worker-pool] Cleaned up workers for ~diagnostic~: 2 --> 0
[debug] [2021-05-03T14:10:53.249Z] [worker-pool] Cleaned up workers for authApi: 1 --> 0
[debug] [2021-05-03T14:10:53.255Z] [worker-pool] addWorker(~diagnostic~)
[debug] [2021-05-03T14:10:53.255Z] [worker-pool] Adding worker with key ~diagnostic~, total=1
[debug] [2021-05-03T14:10:53.255Z] [worker-pool] submitWork(triggerId=)
[debug] [2021-05-03T14:10:53.255Z] [worker-~diagnostic~-13f56169-2af6-4d49-9aaa-43c09eb12775]: Assigning socketPath: \\?\pipe\C:\Users\Madara\Desktop\projects\portfolio\functions\10340
[debug] [2021-05-03T14:10:53.255Z] [worker-~diagnostic~-13f56169-2af6-4d49-9aaa-43c09eb12775]: BUSY
[debug] [2021-05-03T14:10:53.585Z] [runtime-status] [10340] Functions runtime initialized. {"cwd":"C:\\Users\\Madara\\Desktop\\projects\\portfolio\\functions","node_version":"12.14.0"}
[debug] [2021-05-03T14:10:53.586Z] [runtime-status] [10340] Disabled runtime features: {"functions_config_helper":true,"network_filtering":true,"timeout":true,"memory_limiting":true,"admin_stubs":true,"pubsub_emulator":true}
[debug] [2021-05-03T14:10:53.589Z] [runtime-status] [10340] Resolved module firebase-admin {"declared":true,"installed":true,"version":"8.13.0","resolution":"C:\\Users\\Madara\\Desktop\\projects\\portfolio\\functions\\node_modules\\firebase-admin\\lib\\index.js"}
[debug] [2021-05-03T14:10:53.590Z] [runtime-status] [10340] Resolved module firebase-functions {"declared":true,"installed":true,"version":"3.13.2","resolution":"C:\\Users\\Madara\\Desktop\\projects\\portfolio\\functions\\node_modules\\firebase-functions\\lib\\index.js"}
[debug] [2021-05-03T14:10:53.591Z] [runtime-status] [10340] Resolved module firebase-functions {"declared":true,"installed":true,"version":"3.13.2","resolution":"C:\\Users\\Madara\\Desktop\\projects\\portfolio\\functions\\node_modules\\firebase-functions\\lib\\index.js"}
[warn] !  C:\Users\Madara\Desktop\projects\portfolio\functions\controllers\infoCard.js:59



SyntaxError: Unexpected end of input
    at Module._compile (internal/modules/cjs/loader.js:895:18)
    at Object.Module._extensions..js (internal/modules/cjs/loader.js:995:10)
    at Module.load (internal/modules/cjs/loader.js:815:32)
    at Function.Module._load (internal/modules/cjs/loader.js:727:14)
    at Module.require (internal/modules/cjs/loader.js:852:19)
    at require (internal/modules/cjs/helpers.js:74:18)
    at Object.<anonymous> (C:\Users\Madara\Desktop\projects\portfolio\functions\index.js:5:6)
    at Module._compile (internal/modules/cjs/loader.js:959:30)
    at Object.Module._extensions..js (internal/modules/cjs/loader.js:995:10)
    at Module.load (internal/modules/cjs/loader.js:815:32)
[warn] !  We were unable to load your functions code. (see above)
[debug] [2021-05-03T14:10:54.426Z] [worker-~diagnostic~-13f56169-2af6-4d49-9aaa-43c09eb12775]: exited
[debug] [2021-05-03T14:10:54.426Z] [worker-~diagnostic~-13f56169-2af6-4d49-9aaa-43c09eb12775]: FINISHED
[debug] [2021-05-03T14:10:55.450Z] [work-queue] {"queueLength":1,"workRunningCount":1}
[debug] [2021-05-03T14:10:55.450Z] [work-queue] {"queueLength":0,"workRunningCount":2}
[debug] [2021-05-03T14:10:55.450Z] Accepted request OPTIONS /portfolio-7ed56/us-central1/authApi/sessionDetails --> authApi
[debug] [2021-05-03T14:10:55.450Z] [worker-pool] Cleaned up workers for ~diagnostic~: 1 --> 0
[debug] [2021-05-03T14:10:55.454Z] [worker-pool] addWorker(authApi)
[debug] [2021-05-03T14:10:55.454Z] [worker-pool] Adding worker with key authApi, total=1
[debug] [2021-05-03T14:10:55.454Z] [worker-pool] submitWork(triggerId=authApi)
[debug] [2021-05-03T14:10:55.454Z] [worker-authApi-bd34ad6f-b655-42b6-8858-525c5d75b278]: Assigning socketPath: \\?\pipe\C:\Users\Madara\Desktop\projects\portfolio\functions\9500
[debug] [2021-05-03T14:10:55.454Z] [worker-authApi-bd34ad6f-b655-42b6-8858-525c5d75b278]: BUSY
[debug] [2021-05-03T14:10:55.805Z] [runtime-status] [9500] Functions runtime initialized. {"cwd":"C:\\Users\\Madara\\Desktop\\projects\\portfolio\\functions","node_version":"12.14.0"}
[debug] [2021-05-03T14:10:55.806Z] [runtime-status] [9500] Disabled runtime features: {"functions_config_helper":true,"network_filtering":true,"timeout":true,"memory_limiting":true,"admin_stubs":true,"pubsub_emulator":true}
[debug] [2021-05-03T14:10:55.809Z] [runtime-status] [9500] Resolved module firebase-admin {"declared":true,"installed":true,"version":"8.13.0","resolution":"C:\\Users\\Madara\\Desktop\\projects\\portfolio\\functions\\node_modules\\firebase-admin\\lib\\index.js"}
[debug] [2021-05-03T14:10:55.811Z] [runtime-status] [9500] Resolved module firebase-functions {"declared":true,"installed":true,"version":"3.13.2","resolution":"C:\\Users\\Madara\\Desktop\\projects\\portfolio\\functions\\node_modules\\firebase-functions\\lib\\index.js"}
[debug] [2021-05-03T14:10:55.812Z] [runtime-status] [9500] Resolved module firebase-functions {"declared":true,"installed":true,"version":"3.13.2","resolution":"C:\\Users\\Madara\\Desktop\\projects\\portfolio\\functions\\node_modules\\firebase-functions\\lib\\index.js"}
[warn] !  C:\Users\Madara\Desktop\projects\portfolio\functions\controllers\infoCard.js:59



SyntaxError: Unexpected end of input
    at Module._compile (internal/modules/cjs/loader.js:895:18)
    at Object.Module._extensions..js (internal/modules/cjs/loader.js:995:10)
    at Module.load (internal/modules/cjs/loader.js:815:32)
    at Function.Module._load (internal/modules/cjs/loader.js:727:14)
    at Module.require (internal/modules/cjs/loader.js:852:19)
    at require (internal/modules/cjs/helpers.js:74:18)
    at Object.<anonymous> (C:\Users\Madara\Desktop\projects\portfolio\functions\index.js:5:6)
    at Module._compile (internal/modules/cjs/loader.js:959:30)
    at Object.Module._extensions..js (internal/modules/cjs/loader.js:995:10)
    at Module.load (internal/modules/cjs/loader.js:815:32)
[warn] !  We were unable to load your functions code. (see above)
[debug] [2021-05-03T14:10:56.609Z] [worker-authApi-bd34ad6f-b655-42b6-8858-525c5d75b278]: exited
[debug] [2021-05-03T14:10:56.609Z] [worker-authApi-bd34ad6f-b655-42b6-8858-525c5d75b278]: FINISHED
[debug] [2021-05-03T14:11:08.178Z] File C:\Users\Madara\Desktop\projects\portfolio\functions\controllers\infoCard.js changed, reloading triggers
[debug] [2021-05-03T14:11:09.180Z] [worker-pool] Cleaned up workers for authApi: 1 --> 0
[debug] [2021-05-03T14:11:09.184Z] [worker-pool] addWorker(~diagnostic~)
[debug] [2021-05-03T14:11:09.185Z] [worker-pool] Adding worker with key ~diagnostic~, total=1
[debug] [2021-05-03T14:11:09.185Z] [worker-pool] submitWork(triggerId=)
[debug] [2021-05-03T14:11:09.185Z] [worker-~diagnostic~-433eb193-e74a-4592-8ae7-526e045567b3]: Assigning socketPath: \\?\pipe\C:\Users\Madara\Desktop\projects\portfolio\functions\13672
[debug] [2021-05-03T14:11:09.185Z] [worker-~diagnostic~-433eb193-e74a-4592-8ae7-526e045567b3]: BUSY
[debug] [2021-05-03T14:11:09.546Z] [runtime-status] [13672] Functions runtime initialized. {"cwd":"C:\\Users\\Madara\\Desktop\\projects\\portfolio\\functions","node_version":"12.14.0"}
[debug] [2021-05-03T14:11:09.547Z] [runtime-status] [13672] Disabled runtime features: {"functions_config_helper":true,"network_filtering":true,"timeout":true,"memory_limiting":true,"admin_stubs":true,"pubsub_emulator":true}
[debug] [2021-05-03T14:11:09.550Z] [runtime-status] [13672] Resolved module firebase-admin {"declared":true,"installed":true,"version":"8.13.0","resolution":"C:\\Users\\Madara\\Desktop\\projects\\portfolio\\functions\\node_modules\\firebase-admin\\lib\\index.js"}
[debug] [2021-05-03T14:11:09.552Z] [runtime-status] [13672] Resolved module firebase-functions {"declared":true,"installed":true,"version":"3.13.2","resolution":"C:\\Users\\Madara\\Desktop\\projects\\portfolio\\functions\\node_modules\\firebase-functions\\lib\\index.js"}
[debug] [2021-05-03T14:11:09.553Z] [runtime-status] [13672] Resolved module firebase-functions {"declared":true,"installed":true,"version":"3.13.2","resolution":"C:\\Users\\Madara\\Desktop\\projects\\portfolio\\functions\\node_modules\\firebase-functions\\lib\\index.js"}
[debug] [2021-05-03T14:11:09.813Z] [work-queue] {"queueLength":1,"workRunningCount":2}
[debug] [2021-05-03T14:11:09.814Z] [work-queue] {"queueLength":0,"workRunningCount":3}
[debug] [2021-05-03T14:11:09.814Z] Accepted request OPTIONS /portfolio-7ed56/us-central1/authApi/sessionDetails --> authApi
[debug] [2021-05-03T14:11:09.819Z] [worker-pool] addWorker(authApi)
[debug] [2021-05-03T14:11:09.819Z] [worker-pool] Adding worker with key authApi, total=1
[debug] [2021-05-03T14:11:09.819Z] [worker-pool] submitWork(triggerId=authApi)
[debug] [2021-05-03T14:11:09.820Z] [worker-authApi-0b70c0ed-0f87-41e5-9c86-1df9f5e58cb6]: Assigning socketPath: \\?\pipe\C:\Users\Madara\Desktop\projects\portfolio\functions\8744
[debug] [2021-05-03T14:11:09.820Z] [worker-authApi-0b70c0ed-0f87-41e5-9c86-1df9f5e58cb6]: BUSY
[debug] [2021-05-03T14:11:10.246Z] [runtime-status] [8744] Functions runtime initialized. {"cwd":"C:\\Users\\Madara\\Desktop\\projects\\portfolio\\functions","node_version":"12.14.0"}
[debug] [2021-05-03T14:11:10.247Z] [runtime-status] [8744] Disabled runtime features: {"functions_config_helper":true,"network_filtering":true,"timeout":true,"memory_limiting":true,"admin_stubs":true,"pubsub_emulator":true}
[debug] [2021-05-03T14:11:10.250Z] [runtime-status] [8744] Resolved module firebase-admin {"declared":true,"installed":true,"version":"8.13.0","resolution":"C:\\Users\\Madara\\Desktop\\projects\\portfolio\\functions\\node_modules\\firebase-admin\\lib\\index.js"}
[debug] [2021-05-03T14:11:10.252Z] [runtime-status] [8744] Resolved module firebase-functions {"declared":true,"installed":true,"version":"3.13.2","resolution":"C:\\Users\\Madara\\Desktop\\projects\\portfolio\\functions\\node_modules\\firebase-functions\\lib\\index.js"}
[debug] [2021-05-03T14:11:10.253Z] [runtime-status] [8744] Resolved module firebase-functions {"declared":true,"installed":true,"version":"3.13.2","resolution":"C:\\Users\\Madara\\Desktop\\projects\\portfolio\\functions\\node_modules\\firebase-functions\\lib\\index.js"}
[debug] [2021-05-03T14:11:10.519Z] [worker-~diagnostic~-433eb193-e74a-4592-8ae7-526e045567b3]: IDLE
[debug] [2021-05-03T14:11:11.081Z] [runtime-status] [8744] Trigger "authApi" has been found, beginning invocation!
[info] i  functions: Beginning execution of "authApi"
[debug] [2021-05-03T14:11:11.083Z] [runtime-status] [8744] triggerDefinition {"httpsTrigger":{},"name":"authApi","entryPoint":"authApi"}
[debug] [2021-05-03T14:11:11.083Z] [runtime-status] [8744] Running authApi in mode HTTPS
[debug] [2021-05-03T14:11:11.085Z] [runtime-status] [8744] Attempting to listen to socketPath: \\?\pipe\C:\Users\Madara\Desktop\projects\portfolio\functions\8744
[debug] [2021-05-03T14:11:11.087Z] [functions] Runtime ready! Sending request!
[debug] [2021-05-03T14:11:11.093Z] [runtime-status] [8744] Ephemeral server handling OPTIONS request
[debug] [2021-05-03T14:11:11.098Z] [runtime-status] [8744] Ephemeral server survived.
[info] i  functions: Finished "authApi" in ~1s
[debug] [2021-05-03T14:11:11.100Z] [worker-authApi-0b70c0ed-0f87-41e5-9c86-1df9f5e58cb6]: IDLE
[debug] [2021-05-03T14:11:11.100Z] [work-queue] {"queueLength":0,"workRunningCount":2}
[debug] [2021-05-03T14:11:11.101Z] [work-queue] {"queueLength":1,"workRunningCount":2}
[debug] [2021-05-03T14:11:11.101Z] [work-queue] {"queueLength":0,"workRunningCount":3}
[debug] [2021-05-03T14:11:11.101Z] Accepted request GET /portfolio-7ed56/us-central1/authApi/sessionDetails --> authApi
[debug] [2021-05-03T14:11:11.102Z] [worker-pool] submitWork(triggerId=authApi)
[debug] [2021-05-03T14:11:11.102Z] [worker-authApi-0b70c0ed-0f87-41e5-9c86-1df9f5e58cb6]: Assigning socketPath: \\?\pipe\C:\Users\Madara\Desktop\projects\portfolio\functions\8744
[debug] [2021-05-03T14:11:11.102Z] [worker-authApi-0b70c0ed-0f87-41e5-9c86-1df9f5e58cb6]: BUSY
[debug] [2021-05-03T14:11:11.112Z] [runtime-status] [8744] Trigger "authApi" has been found, beginning invocation!
[info] i  functions: Beginning execution of "authApi"
[debug] [2021-05-03T14:11:11.113Z] [runtime-status] [8744] triggerDefinition {"httpsTrigger":{},"name":"authApi","entryPoint":"authApi"}
[debug] [2021-05-03T14:11:11.113Z] [runtime-status] [8744] Running authApi in mode HTTPS
[debug] [2021-05-03T14:11:11.113Z] [runtime-status] [8744] Attempting to listen to socketPath: \\?\pipe\C:\Users\Madara\Desktop\projects\portfolio\functions\8744
[debug] [2021-05-03T14:11:11.114Z] [functions] Runtime ready! Sending request!
[debug] [2021-05-03T14:11:11.116Z] [runtime-status] [8744] Ephemeral server handling GET request
[info] >  Check if request is authorized with Firebase ID token
[info] >  Found "Authorization" header
[debug] [2021-05-03T14:11:11.132Z] [runtime-status] [8744] Ephemeral server survived.
[info] >  ID Token correctly decoded {
[info] >    iss: 'https://securetoken.google.com/portfolio-7ed56',
[info] >    aud: 'portfolio-7ed56',
[info] >    auth_time: 1620049046,
[info] >    user_id: 'kNEjkZXvzmSLdpa96IqcY9wRftx2',
[info] >    sub: 'kNEjkZXvzmSLdpa96IqcY9wRftx2',
[info] >    iat: 1620049046,
[info] >    exp: 1620052646,
[info] >    email: 'e@e.com',
[info] >    email_verified: false,
[info] >    firebase: { identities: { email: [Array] }, sign_in_provider: 'password' },
[info] >    uid: 'kNEjkZXvzmSLdpa96IqcY9wRftx2'
[info] >  }
[info] i  functions: Finished "authApi" in ~1s
[debug] [2021-05-03T14:11:11.267Z] [worker-authApi-0b70c0ed-0f87-41e5-9c86-1df9f5e58cb6]: IDLE
[debug] [2021-05-03T14:11:11.267Z] [work-queue] {"queueLength":0,"workRunningCount":2}
